<testsuite failures="9"
           name="com/egov/core-services/tests/searchAndCreateUser.feature"
           skipped="0"
           tests="13"
           time="1.165168">
   <testcase classname="com.egov.core-services.tests.searchAndCreateUser"
             name="Test to Search for user by passing valid UserName in the request"
             time="0.016298">
      <failure message="searchAndCreateUser.feature:11 - evaluation (js) failed: searchUserResponseBody.user.length, javax.script.ScriptException: ReferenceError: &#34;searchUserResponseBody&#34; is not defined in &lt;eval&gt; at line number 1&#xA;stack trace: jdk.nashorn.api.scripting.NashornScriptEngine.throwAsScriptException(NashornScriptEngine.java:470)">* def jsUtils = read('classpath:com/egov/utils/jsUtils.js') ............... passed
* def userConstant = read('../../core-services/constants/user.yaml') ...... passed
* call read('../../core-services/pretests/userPretest.feature@finduser') .. passed
* def user = searchUserResponseBody.user.length ........................... failed

Stack Trace:
com.intuit.karate.exception.KarateException: searchAndCreateUser.feature:11 - evaluation (js) failed: searchUserResponseBody.user.length, javax.script.ScriptException: ReferenceError: "searchUserResponseBody" is not defined in &lt;eval&gt; at line number 1
stack trace: jdk.nashorn.api.scripting.NashornScriptEngine.throwAsScriptException(NashornScriptEngine.java:470)
	at ✽.* def user = searchUserResponseBody.user.length (searchAndCreateUser.feature:11)

* match user == '#present' ................................................ skipped</failure>
   </testcase>
   <testcase classname="com.egov.core-services.tests.searchAndCreateUser"
             name="Test to Search for user by passing InValid UserName in the request"
             time="0.0114">
      <failure message="searchAndCreateUser.feature:21 - evaluation (js) failed: searchUserResponseBody.user.length, javax.script.ScriptException: ReferenceError: &#34;searchUserResponseBody&#34; is not defined in &lt;eval&gt; at line number 1&#xA;stack trace: jdk.nashorn.api.scripting.NashornScriptEngine.throwAsScriptException(NashornScriptEngine.java:470)">* def jsUtils = read('classpath:com/egov/utils/jsUtils.js') ............... passed
* def userConstant = read('../../core-services/constants/user.yaml') ...... passed
* call read('../../core-services/pretests/userPretest.feature@finduser') .. passed
* def user = searchUserResponseBody.user.length ........................... failed

Stack Trace:
com.intuit.karate.exception.KarateException: searchAndCreateUser.feature:11 - evaluation (js) failed: searchUserResponseBody.user.length, javax.script.ScriptException: ReferenceError: "searchUserResponseBody" is not defined in &lt;eval&gt; at line number 1
stack trace: jdk.nashorn.api.scripting.NashornScriptEngine.throwAsScriptException(NashornScriptEngine.java:470)
	at ✽.* def user = searchUserResponseBody.user.length (searchAndCreateUser.feature:11)

* match user == '#present' ................................................ skipped
* def jsUtils = read('classpath:com/egov/utils/jsUtils.js') ............... passed
* def userConstant = read('../../core-services/constants/user.yaml') ...... passed
* call read('../../core-services/pretests/userPretest.feature@finduserwithinvalidusername') . passed
* def user = searchUserResponseBody.user.length ........................... failed

Stack Trace:
com.intuit.karate.exception.KarateException: searchAndCreateUser.feature:21 - evaluation (js) failed: searchUserResponseBody.user.length, javax.script.ScriptException: ReferenceError: "searchUserResponseBody" is not defined in &lt;eval&gt; at line number 1
stack trace: jdk.nashorn.api.scripting.NashornScriptEngine.throwAsScriptException(NashornScriptEngine.java:470)
	at ✽.* def user = searchUserResponseBody.user.length (searchAndCreateUser.feature:21)

* match user == '#present' ................................................ skipped</failure>
   </testcase>
   <testcase classname="com.egov.core-services.tests.searchAndCreateUser"
             name="Search for user by giving InValid tenantId"
             time="0.01051">
      <failure message="searchAndCreateUser.feature:31 - evaluation (js) failed: searchUserResponseBody.user.length, javax.script.ScriptException: ReferenceError: &#34;searchUserResponseBody&#34; is not defined in &lt;eval&gt; at line number 1&#xA;stack trace: jdk.nashorn.api.scripting.NashornScriptEngine.throwAsScriptException(NashornScriptEngine.java:470)">* def jsUtils = read('classpath:com/egov/utils/jsUtils.js') ............... passed
* def userConstant = read('../../core-services/constants/user.yaml') ...... passed
* call read('../../core-services/pretests/userPretest.feature@finduser') .. passed
* def user = searchUserResponseBody.user.length ........................... failed

Stack Trace:
com.intuit.karate.exception.KarateException: searchAndCreateUser.feature:11 - evaluation (js) failed: searchUserResponseBody.user.length, javax.script.ScriptException: ReferenceError: "searchUserResponseBody" is not defined in &lt;eval&gt; at line number 1
stack trace: jdk.nashorn.api.scripting.NashornScriptEngine.throwAsScriptException(NashornScriptEngine.java:470)
	at ✽.* def user = searchUserResponseBody.user.length (searchAndCreateUser.feature:11)

* match user == '#present' ................................................ skipped
* def jsUtils = read('classpath:com/egov/utils/jsUtils.js') ............... passed
* def userConstant = read('../../core-services/constants/user.yaml') ...... passed
* call read('../../core-services/pretests/userPretest.feature@finduserwithinvalidusername') . passed
* def user = searchUserResponseBody.user.length ........................... failed

Stack Trace:
com.intuit.karate.exception.KarateException: searchAndCreateUser.feature:21 - evaluation (js) failed: searchUserResponseBody.user.length, javax.script.ScriptException: ReferenceError: "searchUserResponseBody" is not defined in &lt;eval&gt; at line number 1
stack trace: jdk.nashorn.api.scripting.NashornScriptEngine.throwAsScriptException(NashornScriptEngine.java:470)
	at ✽.* def user = searchUserResponseBody.user.length (searchAndCreateUser.feature:21)

* match user == '#present' ................................................ skipped
* def jsUtils = read('classpath:com/egov/utils/jsUtils.js') ............... passed
* def userConstant = read('../../core-services/constants/user.yaml') ...... passed
* call read('../../core-services/pretests/userPretest.feature@finduserwithinvalidtenantid') . passed
* def user = searchUserResponseBody.user.length ........................... failed

Stack Trace:
com.intuit.karate.exception.KarateException: searchAndCreateUser.feature:31 - evaluation (js) failed: searchUserResponseBody.user.length, javax.script.ScriptException: ReferenceError: "searchUserResponseBody" is not defined in &lt;eval&gt; at line number 1
stack trace: jdk.nashorn.api.scripting.NashornScriptEngine.throwAsScriptException(NashornScriptEngine.java:470)
	at ✽.* def user = searchUserResponseBody.user.length (searchAndCreateUser.feature:31)

* match user == '#present' ................................................ skipped</failure>
   </testcase>
   <testcase classname="com.egov.core-services.tests.searchAndCreateUser"
             name="Search for user without username parameter/Search for user without username parameter"
             time="0.016241">
      <failure message="searchAndCreateUser.feature:41 - evaluation (js) failed: searchUserResponseBody.Errors[0].code == userConstant.errormessages.forInvalidUserName, javax.script.ScriptException: ReferenceError: &#34;searchUserResponseBody&#34; is not defined in &lt;eval&gt; at line number 1&#xA;stack trace: jdk.nashorn.api.scripting.NashornScriptEngine.throwAsScriptException(NashornScriptEngine.java:470)">* def jsUtils = read('classpath:com/egov/utils/jsUtils.js') ............... passed
* def userConstant = read('../../core-services/constants/user.yaml') ...... passed
* call read('../../core-services/pretests/userPretest.feature@finduser') .. passed
* def user = searchUserResponseBody.user.length ........................... failed

Stack Trace:
com.intuit.karate.exception.KarateException: searchAndCreateUser.feature:11 - evaluation (js) failed: searchUserResponseBody.user.length, javax.script.ScriptException: ReferenceError: "searchUserResponseBody" is not defined in &lt;eval&gt; at line number 1
stack trace: jdk.nashorn.api.scripting.NashornScriptEngine.throwAsScriptException(NashornScriptEngine.java:470)
	at ✽.* def user = searchUserResponseBody.user.length (searchAndCreateUser.feature:11)

* match user == '#present' ................................................ skipped
* def jsUtils = read('classpath:com/egov/utils/jsUtils.js') ............... passed
* def userConstant = read('../../core-services/constants/user.yaml') ...... passed
* call read('../../core-services/pretests/userPretest.feature@finduserwithinvalidusername') . passed
* def user = searchUserResponseBody.user.length ........................... failed

Stack Trace:
com.intuit.karate.exception.KarateException: searchAndCreateUser.feature:21 - evaluation (js) failed: searchUserResponseBody.user.length, javax.script.ScriptException: ReferenceError: "searchUserResponseBody" is not defined in &lt;eval&gt; at line number 1
stack trace: jdk.nashorn.api.scripting.NashornScriptEngine.throwAsScriptException(NashornScriptEngine.java:470)
	at ✽.* def user = searchUserResponseBody.user.length (searchAndCreateUser.feature:21)

* match user == '#present' ................................................ skipped
* def jsUtils = read('classpath:com/egov/utils/jsUtils.js') ............... passed
* def userConstant = read('../../core-services/constants/user.yaml') ...... passed
* call read('../../core-services/pretests/userPretest.feature@finduserwithinvalidtenantid') . passed
* def user = searchUserResponseBody.user.length ........................... failed

Stack Trace:
com.intuit.karate.exception.KarateException: searchAndCreateUser.feature:31 - evaluation (js) failed: searchUserResponseBody.user.length, javax.script.ScriptException: ReferenceError: "searchUserResponseBody" is not defined in &lt;eval&gt; at line number 1
stack trace: jdk.nashorn.api.scripting.NashornScriptEngine.throwAsScriptException(NashornScriptEngine.java:470)
	at ✽.* def user = searchUserResponseBody.user.length (searchAndCreateUser.feature:31)

* match user == '#present' ................................................ skipped
* def jsUtils = read('classpath:com/egov/utils/jsUtils.js') ............... passed
* def userConstant = read('../../core-services/constants/user.yaml') ...... passed
* call read('../../core-services/pretests/userPretest.feature@finduserwithoutusername') . passed
* assert searchUserResponseBody.Errors[0].code == userConstant.errormessages.forInvalidUserName . failed

Stack Trace:
com.intuit.karate.exception.KarateException: searchAndCreateUser.feature:41 - evaluation (js) failed: searchUserResponseBody.Errors[0].code == userConstant.errormessages.forInvalidUserName, javax.script.ScriptException: ReferenceError: "searchUserResponseBody" is not defined in &lt;eval&gt; at line number 1
stack trace: jdk.nashorn.api.scripting.NashornScriptEngine.throwAsScriptException(NashornScriptEngine.java:470)
	at ✽.* assert searchUserResponseBody.Errors[0].code == userConstant.errormessages.forInvalidUserName (searchAndCreateUser.feature:41)</failure>
   </testcase>
   <testcase classname="com.egov.core-services.tests.searchAndCreateUser"
             name="Search for user without tenantId parameter"
             time="0.033059">
      <failure message="searchAndCreateUser.feature:48 - evaluation (js) failed: searchUserResponseBody.Errors[0].code == userConstant.errormessages.withoutTenanntId, javax.script.ScriptException: ReferenceError: &#34;searchUserResponseBody&#34; is not defined in &lt;eval&gt; at line number 1&#xA;stack trace: jdk.nashorn.api.scripting.NashornScriptEngine.throwAsScriptException(NashornScriptEngine.java:470)">* def jsUtils = read('classpath:com/egov/utils/jsUtils.js') ............... passed
* def userConstant = read('../../core-services/constants/user.yaml') ...... passed
* call read('../../core-services/pretests/userPretest.feature@finduser') .. passed
* def user = searchUserResponseBody.user.length ........................... failed

Stack Trace:
com.intuit.karate.exception.KarateException: searchAndCreateUser.feature:11 - evaluation (js) failed: searchUserResponseBody.user.length, javax.script.ScriptException: ReferenceError: "searchUserResponseBody" is not defined in &lt;eval&gt; at line number 1
stack trace: jdk.nashorn.api.scripting.NashornScriptEngine.throwAsScriptException(NashornScriptEngine.java:470)
	at ✽.* def user = searchUserResponseBody.user.length (searchAndCreateUser.feature:11)

* match user == '#present' ................................................ skipped
* def jsUtils = read('classpath:com/egov/utils/jsUtils.js') ............... passed
* def userConstant = read('../../core-services/constants/user.yaml') ...... passed
* call read('../../core-services/pretests/userPretest.feature@finduserwithinvalidusername') . passed
* def user = searchUserResponseBody.user.length ........................... failed

Stack Trace:
com.intuit.karate.exception.KarateException: searchAndCreateUser.feature:21 - evaluation (js) failed: searchUserResponseBody.user.length, javax.script.ScriptException: ReferenceError: "searchUserResponseBody" is not defined in &lt;eval&gt; at line number 1
stack trace: jdk.nashorn.api.scripting.NashornScriptEngine.throwAsScriptException(NashornScriptEngine.java:470)
	at ✽.* def user = searchUserResponseBody.user.length (searchAndCreateUser.feature:21)

* match user == '#present' ................................................ skipped
* def jsUtils = read('classpath:com/egov/utils/jsUtils.js') ............... passed
* def userConstant = read('../../core-services/constants/user.yaml') ...... passed
* call read('../../core-services/pretests/userPretest.feature@finduserwithinvalidtenantid') . passed
* def user = searchUserResponseBody.user.length ........................... failed

Stack Trace:
com.intuit.karate.exception.KarateException: searchAndCreateUser.feature:31 - evaluation (js) failed: searchUserResponseBody.user.length, javax.script.ScriptException: ReferenceError: "searchUserResponseBody" is not defined in &lt;eval&gt; at line number 1
stack trace: jdk.nashorn.api.scripting.NashornScriptEngine.throwAsScriptException(NashornScriptEngine.java:470)
	at ✽.* def user = searchUserResponseBody.user.length (searchAndCreateUser.feature:31)

* match user == '#present' ................................................ skipped
* def jsUtils = read('classpath:com/egov/utils/jsUtils.js') ............... passed
* def userConstant = read('../../core-services/constants/user.yaml') ...... passed
* call read('../../core-services/pretests/userPretest.feature@finduserwithoutusername') . passed
* assert searchUserResponseBody.Errors[0].code == userConstant.errormessages.forInvalidUserName . failed

Stack Trace:
com.intuit.karate.exception.KarateException: searchAndCreateUser.feature:41 - evaluation (js) failed: searchUserResponseBody.Errors[0].code == userConstant.errormessages.forInvalidUserName, javax.script.ScriptException: ReferenceError: "searchUserResponseBody" is not defined in &lt;eval&gt; at line number 1
stack trace: jdk.nashorn.api.scripting.NashornScriptEngine.throwAsScriptException(NashornScriptEngine.java:470)
	at ✽.* assert searchUserResponseBody.Errors[0].code == userConstant.errormessages.forInvalidUserName (searchAndCreateUser.feature:41)

* def jsUtils = read('classpath:com/egov/utils/jsUtils.js') ............... passed
* def userConstant = read('../../core-services/constants/user.yaml') ...... passed
* call read('../../core-services/pretests/userPretest.feature@finduserwithouttenantid') . passed
* assert searchUserResponseBody.Errors[0].code == userConstant.errormessages.withoutTenanntId . failed

Stack Trace:
com.intuit.karate.exception.KarateException: searchAndCreateUser.feature:48 - evaluation (js) failed: searchUserResponseBody.Errors[0].code == userConstant.errormessages.withoutTenanntId, javax.script.ScriptException: ReferenceError: "searchUserResponseBody" is not defined in &lt;eval&gt; at line number 1
stack trace: jdk.nashorn.api.scripting.NashornScriptEngine.throwAsScriptException(NashornScriptEngine.java:470)
	at ✽.* assert searchUserResponseBody.Errors[0].code == userConstant.errormessages.withoutTenanntId (searchAndCreateUser.feature:48)</failure>
   </testcase>
   <testcase classname="com.egov.core-services.tests.searchAndCreateUser"
             name="Search by passing 2 tenantids. Make sure both are valid or Multiple Users"
             time="0.010027">
      <failure message="searchAndCreateUser.feature:55 - evaluation (js) failed: searchUserResponseBody.user.length, javax.script.ScriptException: ReferenceError: &#34;searchUserResponseBody&#34; is not defined in &lt;eval&gt; at line number 1&#xA;stack trace: jdk.nashorn.api.scripting.NashornScriptEngine.throwAsScriptException(NashornScriptEngine.java:470)">* def jsUtils = read('classpath:com/egov/utils/jsUtils.js') ............... passed
* def userConstant = read('../../core-services/constants/user.yaml') ...... passed
* call read('../../core-services/pretests/userPretest.feature@finduser') .. passed
* def user = searchUserResponseBody.user.length ........................... failed

Stack Trace:
com.intuit.karate.exception.KarateException: searchAndCreateUser.feature:11 - evaluation (js) failed: searchUserResponseBody.user.length, javax.script.ScriptException: ReferenceError: "searchUserResponseBody" is not defined in &lt;eval&gt; at line number 1
stack trace: jdk.nashorn.api.scripting.NashornScriptEngine.throwAsScriptException(NashornScriptEngine.java:470)
	at ✽.* def user = searchUserResponseBody.user.length (searchAndCreateUser.feature:11)

* match user == '#present' ................................................ skipped
* def jsUtils = read('classpath:com/egov/utils/jsUtils.js') ............... passed
* def userConstant = read('../../core-services/constants/user.yaml') ...... passed
* call read('../../core-services/pretests/userPretest.feature@finduserwithinvalidusername') . passed
* def user = searchUserResponseBody.user.length ........................... failed

Stack Trace:
com.intuit.karate.exception.KarateException: searchAndCreateUser.feature:21 - evaluation (js) failed: searchUserResponseBody.user.length, javax.script.ScriptException: ReferenceError: "searchUserResponseBody" is not defined in &lt;eval&gt; at line number 1
stack trace: jdk.nashorn.api.scripting.NashornScriptEngine.throwAsScriptException(NashornScriptEngine.java:470)
	at ✽.* def user = searchUserResponseBody.user.length (searchAndCreateUser.feature:21)

* match user == '#present' ................................................ skipped
* def jsUtils = read('classpath:com/egov/utils/jsUtils.js') ............... passed
* def userConstant = read('../../core-services/constants/user.yaml') ...... passed
* call read('../../core-services/pretests/userPretest.feature@finduserwithinvalidtenantid') . passed
* def user = searchUserResponseBody.user.length ........................... failed

Stack Trace:
com.intuit.karate.exception.KarateException: searchAndCreateUser.feature:31 - evaluation (js) failed: searchUserResponseBody.user.length, javax.script.ScriptException: ReferenceError: "searchUserResponseBody" is not defined in &lt;eval&gt; at line number 1
stack trace: jdk.nashorn.api.scripting.NashornScriptEngine.throwAsScriptException(NashornScriptEngine.java:470)
	at ✽.* def user = searchUserResponseBody.user.length (searchAndCreateUser.feature:31)

* match user == '#present' ................................................ skipped
* def jsUtils = read('classpath:com/egov/utils/jsUtils.js') ............... passed
* def userConstant = read('../../core-services/constants/user.yaml') ...... passed
* call read('../../core-services/pretests/userPretest.feature@finduserwithoutusername') . passed
* assert searchUserResponseBody.Errors[0].code == userConstant.errormessages.forInvalidUserName . failed

Stack Trace:
com.intuit.karate.exception.KarateException: searchAndCreateUser.feature:41 - evaluation (js) failed: searchUserResponseBody.Errors[0].code == userConstant.errormessages.forInvalidUserName, javax.script.ScriptException: ReferenceError: "searchUserResponseBody" is not defined in &lt;eval&gt; at line number 1
stack trace: jdk.nashorn.api.scripting.NashornScriptEngine.throwAsScriptException(NashornScriptEngine.java:470)
	at ✽.* assert searchUserResponseBody.Errors[0].code == userConstant.errormessages.forInvalidUserName (searchAndCreateUser.feature:41)

* def jsUtils = read('classpath:com/egov/utils/jsUtils.js') ............... passed
* def userConstant = read('../../core-services/constants/user.yaml') ...... passed
* call read('../../core-services/pretests/userPretest.feature@finduserwithouttenantid') . passed
* assert searchUserResponseBody.Errors[0].code == userConstant.errormessages.withoutTenanntId . failed

Stack Trace:
com.intuit.karate.exception.KarateException: searchAndCreateUser.feature:48 - evaluation (js) failed: searchUserResponseBody.Errors[0].code == userConstant.errormessages.withoutTenanntId, javax.script.ScriptException: ReferenceError: "searchUserResponseBody" is not defined in &lt;eval&gt; at line number 1
stack trace: jdk.nashorn.api.scripting.NashornScriptEngine.throwAsScriptException(NashornScriptEngine.java:470)
	at ✽.* assert searchUserResponseBody.Errors[0].code == userConstant.errormessages.withoutTenanntId (searchAndCreateUser.feature:48)

* def jsUtils = read('classpath:com/egov/utils/jsUtils.js') ............... passed
* def userConstant = read('../../core-services/constants/user.yaml') ...... passed
* call read('../../core-services/pretests/userPretest.feature@finduserwithmultipletenantid') . passed
* def user = searchUserResponseBody.user.length ........................... failed

Stack Trace:
com.intuit.karate.exception.KarateException: searchAndCreateUser.feature:55 - evaluation (js) failed: searchUserResponseBody.user.length, javax.script.ScriptException: ReferenceError: "searchUserResponseBody" is not defined in &lt;eval&gt; at line number 1
stack trace: jdk.nashorn.api.scripting.NashornScriptEngine.throwAsScriptException(NashornScriptEngine.java:470)
	at ✽.* def user = searchUserResponseBody.user.length (searchAndCreateUser.feature:55)</failure>
   </testcase>
   <testcase classname="com.egov.core-services.tests.searchAndCreateUser"
             name="Pass null value for tenantid and check for errors"
             time="0.014302">
      <failure message="searchAndCreateUser.feature:63 - evaluation (js) failed: searchUserResponseBody.Errors[0].code == userConstant.errormessages.withEmptyStringTenantId, javax.script.ScriptException: ReferenceError: &#34;searchUserResponseBody&#34; is not defined in &lt;eval&gt; at line number 1&#xA;stack trace: jdk.nashorn.api.scripting.NashornScriptEngine.throwAsScriptException(NashornScriptEngine.java:470)">* def jsUtils = read('classpath:com/egov/utils/jsUtils.js') ............... passed
* def userConstant = read('../../core-services/constants/user.yaml') ...... passed
* call read('../../core-services/pretests/userPretest.feature@finduser') .. passed
* def user = searchUserResponseBody.user.length ........................... failed

Stack Trace:
com.intuit.karate.exception.KarateException: searchAndCreateUser.feature:11 - evaluation (js) failed: searchUserResponseBody.user.length, javax.script.ScriptException: ReferenceError: "searchUserResponseBody" is not defined in &lt;eval&gt; at line number 1
stack trace: jdk.nashorn.api.scripting.NashornScriptEngine.throwAsScriptException(NashornScriptEngine.java:470)
	at ✽.* def user = searchUserResponseBody.user.length (searchAndCreateUser.feature:11)

* match user == '#present' ................................................ skipped
* def jsUtils = read('classpath:com/egov/utils/jsUtils.js') ............... passed
* def userConstant = read('../../core-services/constants/user.yaml') ...... passed
* call read('../../core-services/pretests/userPretest.feature@finduserwithinvalidusername') . passed
* def user = searchUserResponseBody.user.length ........................... failed

Stack Trace:
com.intuit.karate.exception.KarateException: searchAndCreateUser.feature:21 - evaluation (js) failed: searchUserResponseBody.user.length, javax.script.ScriptException: ReferenceError: "searchUserResponseBody" is not defined in &lt;eval&gt; at line number 1
stack trace: jdk.nashorn.api.scripting.NashornScriptEngine.throwAsScriptException(NashornScriptEngine.java:470)
	at ✽.* def user = searchUserResponseBody.user.length (searchAndCreateUser.feature:21)

* match user == '#present' ................................................ skipped
* def jsUtils = read('classpath:com/egov/utils/jsUtils.js') ............... passed
* def userConstant = read('../../core-services/constants/user.yaml') ...... passed
* call read('../../core-services/pretests/userPretest.feature@finduserwithinvalidtenantid') . passed
* def user = searchUserResponseBody.user.length ........................... failed

Stack Trace:
com.intuit.karate.exception.KarateException: searchAndCreateUser.feature:31 - evaluation (js) failed: searchUserResponseBody.user.length, javax.script.ScriptException: ReferenceError: "searchUserResponseBody" is not defined in &lt;eval&gt; at line number 1
stack trace: jdk.nashorn.api.scripting.NashornScriptEngine.throwAsScriptException(NashornScriptEngine.java:470)
	at ✽.* def user = searchUserResponseBody.user.length (searchAndCreateUser.feature:31)

* match user == '#present' ................................................ skipped
* def jsUtils = read('classpath:com/egov/utils/jsUtils.js') ............... passed
* def userConstant = read('../../core-services/constants/user.yaml') ...... passed
* call read('../../core-services/pretests/userPretest.feature@finduserwithoutusername') . passed
* assert searchUserResponseBody.Errors[0].code == userConstant.errormessages.forInvalidUserName . failed

Stack Trace:
com.intuit.karate.exception.KarateException: searchAndCreateUser.feature:41 - evaluation (js) failed: searchUserResponseBody.Errors[0].code == userConstant.errormessages.forInvalidUserName, javax.script.ScriptException: ReferenceError: "searchUserResponseBody" is not defined in &lt;eval&gt; at line number 1
stack trace: jdk.nashorn.api.scripting.NashornScriptEngine.throwAsScriptException(NashornScriptEngine.java:470)
	at ✽.* assert searchUserResponseBody.Errors[0].code == userConstant.errormessages.forInvalidUserName (searchAndCreateUser.feature:41)

* def jsUtils = read('classpath:com/egov/utils/jsUtils.js') ............... passed
* def userConstant = read('../../core-services/constants/user.yaml') ...... passed
* call read('../../core-services/pretests/userPretest.feature@finduserwithouttenantid') . passed
* assert searchUserResponseBody.Errors[0].code == userConstant.errormessages.withoutTenanntId . failed

Stack Trace:
com.intuit.karate.exception.KarateException: searchAndCreateUser.feature:48 - evaluation (js) failed: searchUserResponseBody.Errors[0].code == userConstant.errormessages.withoutTenanntId, javax.script.ScriptException: ReferenceError: "searchUserResponseBody" is not defined in &lt;eval&gt; at line number 1
stack trace: jdk.nashorn.api.scripting.NashornScriptEngine.throwAsScriptException(NashornScriptEngine.java:470)
	at ✽.* assert searchUserResponseBody.Errors[0].code == userConstant.errormessages.withoutTenanntId (searchAndCreateUser.feature:48)

* def jsUtils = read('classpath:com/egov/utils/jsUtils.js') ............... passed
* def userConstant = read('../../core-services/constants/user.yaml') ...... passed
* call read('../../core-services/pretests/userPretest.feature@finduserwithmultipletenantid') . passed
* def user = searchUserResponseBody.user.length ........................... failed

Stack Trace:
com.intuit.karate.exception.KarateException: searchAndCreateUser.feature:55 - evaluation (js) failed: searchUserResponseBody.user.length, javax.script.ScriptException: ReferenceError: "searchUserResponseBody" is not defined in &lt;eval&gt; at line number 1
stack trace: jdk.nashorn.api.scripting.NashornScriptEngine.throwAsScriptException(NashornScriptEngine.java:470)
	at ✽.* def user = searchUserResponseBody.user.length (searchAndCreateUser.feature:55)

* def jsUtils = read('classpath:com/egov/utils/jsUtils.js') ............... passed
* def userConstant = read('../../core-services/constants/user.yaml') ...... passed
* call read('../../core-services/pretests/userPretest.feature@finduseremptytenantid') . passed
* assert searchUserResponseBody.Errors[0].code == userConstant.errormessages.withEmptyStringTenantId . failed

Stack Trace:
com.intuit.karate.exception.KarateException: searchAndCreateUser.feature:63 - evaluation (js) failed: searchUserResponseBody.Errors[0].code == userConstant.errormessages.withEmptyStringTenantId, javax.script.ScriptException: ReferenceError: "searchUserResponseBody" is not defined in &lt;eval&gt; at line number 1
stack trace: jdk.nashorn.api.scripting.NashornScriptEngine.throwAsScriptException(NashornScriptEngine.java:470)
	at ✽.* assert searchUserResponseBody.Errors[0].code == userConstant.errormessages.withEmptyStringTenantId (searchAndCreateUser.feature:63)</failure>
   </testcase>
   <testcase classname="com.egov.core-services.tests.searchAndCreateUser"
             name="Create Citizen with Invalid OTP &amp; valid data"
             time="0.217142">
      <failure message="searchAndCreateUser.feature:70 - assert evaluated to false: createCitizenResponseBody.error.message == userConstant.errormessages.invalidOtp">* def jsUtils = read('classpath:com/egov/utils/jsUtils.js') ............... passed
* def userConstant = read('../../core-services/constants/user.yaml') ...... passed
* call read('../../core-services/pretests/userPretest.feature@finduser') .. passed
* def user = searchUserResponseBody.user.length ........................... failed

Stack Trace:
com.intuit.karate.exception.KarateException: searchAndCreateUser.feature:11 - evaluation (js) failed: searchUserResponseBody.user.length, javax.script.ScriptException: ReferenceError: "searchUserResponseBody" is not defined in &lt;eval&gt; at line number 1
stack trace: jdk.nashorn.api.scripting.NashornScriptEngine.throwAsScriptException(NashornScriptEngine.java:470)
	at ✽.* def user = searchUserResponseBody.user.length (searchAndCreateUser.feature:11)

* match user == '#present' ................................................ skipped
* def jsUtils = read('classpath:com/egov/utils/jsUtils.js') ............... passed
* def userConstant = read('../../core-services/constants/user.yaml') ...... passed
* call read('../../core-services/pretests/userPretest.feature@finduserwithinvalidusername') . passed
* def user = searchUserResponseBody.user.length ........................... failed

Stack Trace:
com.intuit.karate.exception.KarateException: searchAndCreateUser.feature:21 - evaluation (js) failed: searchUserResponseBody.user.length, javax.script.ScriptException: ReferenceError: "searchUserResponseBody" is not defined in &lt;eval&gt; at line number 1
stack trace: jdk.nashorn.api.scripting.NashornScriptEngine.throwAsScriptException(NashornScriptEngine.java:470)
	at ✽.* def user = searchUserResponseBody.user.length (searchAndCreateUser.feature:21)

* match user == '#present' ................................................ skipped
* def jsUtils = read('classpath:com/egov/utils/jsUtils.js') ............... passed
* def userConstant = read('../../core-services/constants/user.yaml') ...... passed
* call read('../../core-services/pretests/userPretest.feature@finduserwithinvalidtenantid') . passed
* def user = searchUserResponseBody.user.length ........................... failed

Stack Trace:
com.intuit.karate.exception.KarateException: searchAndCreateUser.feature:31 - evaluation (js) failed: searchUserResponseBody.user.length, javax.script.ScriptException: ReferenceError: "searchUserResponseBody" is not defined in &lt;eval&gt; at line number 1
stack trace: jdk.nashorn.api.scripting.NashornScriptEngine.throwAsScriptException(NashornScriptEngine.java:470)
	at ✽.* def user = searchUserResponseBody.user.length (searchAndCreateUser.feature:31)

* match user == '#present' ................................................ skipped
* def jsUtils = read('classpath:com/egov/utils/jsUtils.js') ............... passed
* def userConstant = read('../../core-services/constants/user.yaml') ...... passed
* call read('../../core-services/pretests/userPretest.feature@finduserwithoutusername') . passed
* assert searchUserResponseBody.Errors[0].code == userConstant.errormessages.forInvalidUserName . failed

Stack Trace:
com.intuit.karate.exception.KarateException: searchAndCreateUser.feature:41 - evaluation (js) failed: searchUserResponseBody.Errors[0].code == userConstant.errormessages.forInvalidUserName, javax.script.ScriptException: ReferenceError: "searchUserResponseBody" is not defined in &lt;eval&gt; at line number 1
stack trace: jdk.nashorn.api.scripting.NashornScriptEngine.throwAsScriptException(NashornScriptEngine.java:470)
	at ✽.* assert searchUserResponseBody.Errors[0].code == userConstant.errormessages.forInvalidUserName (searchAndCreateUser.feature:41)

* def jsUtils = read('classpath:com/egov/utils/jsUtils.js') ............... passed
* def userConstant = read('../../core-services/constants/user.yaml') ...... passed
* call read('../../core-services/pretests/userPretest.feature@finduserwithouttenantid') . passed
* assert searchUserResponseBody.Errors[0].code == userConstant.errormessages.withoutTenanntId . failed

Stack Trace:
com.intuit.karate.exception.KarateException: searchAndCreateUser.feature:48 - evaluation (js) failed: searchUserResponseBody.Errors[0].code == userConstant.errormessages.withoutTenanntId, javax.script.ScriptException: ReferenceError: "searchUserResponseBody" is not defined in &lt;eval&gt; at line number 1
stack trace: jdk.nashorn.api.scripting.NashornScriptEngine.throwAsScriptException(NashornScriptEngine.java:470)
	at ✽.* assert searchUserResponseBody.Errors[0].code == userConstant.errormessages.withoutTenanntId (searchAndCreateUser.feature:48)

* def jsUtils = read('classpath:com/egov/utils/jsUtils.js') ............... passed
* def userConstant = read('../../core-services/constants/user.yaml') ...... passed
* call read('../../core-services/pretests/userPretest.feature@finduserwithmultipletenantid') . passed
* def user = searchUserResponseBody.user.length ........................... failed

Stack Trace:
com.intuit.karate.exception.KarateException: searchAndCreateUser.feature:55 - evaluation (js) failed: searchUserResponseBody.user.length, javax.script.ScriptException: ReferenceError: "searchUserResponseBody" is not defined in &lt;eval&gt; at line number 1
stack trace: jdk.nashorn.api.scripting.NashornScriptEngine.throwAsScriptException(NashornScriptEngine.java:470)
	at ✽.* def user = searchUserResponseBody.user.length (searchAndCreateUser.feature:55)

* def jsUtils = read('classpath:com/egov/utils/jsUtils.js') ............... passed
* def userConstant = read('../../core-services/constants/user.yaml') ...... passed
* call read('../../core-services/pretests/userPretest.feature@finduseremptytenantid') . passed
* assert searchUserResponseBody.Errors[0].code == userConstant.errormessages.withEmptyStringTenantId . failed

Stack Trace:
com.intuit.karate.exception.KarateException: searchAndCreateUser.feature:63 - evaluation (js) failed: searchUserResponseBody.Errors[0].code == userConstant.errormessages.withEmptyStringTenantId, javax.script.ScriptException: ReferenceError: "searchUserResponseBody" is not defined in &lt;eval&gt; at line number 1
stack trace: jdk.nashorn.api.scripting.NashornScriptEngine.throwAsScriptException(NashornScriptEngine.java:470)
	at ✽.* assert searchUserResponseBody.Errors[0].code == userConstant.errormessages.withEmptyStringTenantId (searchAndCreateUser.feature:63)

* def jsUtils = read('classpath:com/egov/utils/jsUtils.js') ............... passed
* def userConstant = read('../../core-services/constants/user.yaml') ...... passed
* call read('../../core-services/pretests/citizenCreate.feature@createCitizen') . passed
* assert createCitizenResponseBody.error.message == userConstant.errormessages.invalidOtp . failed

Stack Trace:
com.intuit.karate.exception.KarateException: searchAndCreateUser.feature:70 - assert evaluated to false: createCitizenResponseBody.error.message == userConstant.errormessages.invalidOtp
	at ✽.* assert createCitizenResponseBody.error.message == userConstant.errormessages.invalidOtp (searchAndCreateUser.feature:70)</failure>
   </testcase>
   <testcase classname="com.egov.core-services.tests.searchAndCreateUser"
             name="Create citizen without username parameter in the request"
             time="0.217557">
      <system-out>* def jsUtils = read('classpath:com/egov/utils/jsUtils.js') ............... passed
* def userConstant = read('../../core-services/constants/user.yaml') ...... passed
* call read('../../core-services/pretests/userPretest.feature@finduser') .. passed
* def user = searchUserResponseBody.user.length ........................... failed

Stack Trace:
com.intuit.karate.exception.KarateException: searchAndCreateUser.feature:11 - evaluation (js) failed: searchUserResponseBody.user.length, javax.script.ScriptException: ReferenceError: "searchUserResponseBody" is not defined in &lt;eval&gt; at line number 1
stack trace: jdk.nashorn.api.scripting.NashornScriptEngine.throwAsScriptException(NashornScriptEngine.java:470)
	at ✽.* def user = searchUserResponseBody.user.length (searchAndCreateUser.feature:11)

* match user == '#present' ................................................ skipped
* def jsUtils = read('classpath:com/egov/utils/jsUtils.js') ............... passed
* def userConstant = read('../../core-services/constants/user.yaml') ...... passed
* call read('../../core-services/pretests/userPretest.feature@finduserwithinvalidusername') . passed
* def user = searchUserResponseBody.user.length ........................... failed

Stack Trace:
com.intuit.karate.exception.KarateException: searchAndCreateUser.feature:21 - evaluation (js) failed: searchUserResponseBody.user.length, javax.script.ScriptException: ReferenceError: "searchUserResponseBody" is not defined in &lt;eval&gt; at line number 1
stack trace: jdk.nashorn.api.scripting.NashornScriptEngine.throwAsScriptException(NashornScriptEngine.java:470)
	at ✽.* def user = searchUserResponseBody.user.length (searchAndCreateUser.feature:21)

* match user == '#present' ................................................ skipped
* def jsUtils = read('classpath:com/egov/utils/jsUtils.js') ............... passed
* def userConstant = read('../../core-services/constants/user.yaml') ...... passed
* call read('../../core-services/pretests/userPretest.feature@finduserwithinvalidtenantid') . passed
* def user = searchUserResponseBody.user.length ........................... failed

Stack Trace:
com.intuit.karate.exception.KarateException: searchAndCreateUser.feature:31 - evaluation (js) failed: searchUserResponseBody.user.length, javax.script.ScriptException: ReferenceError: "searchUserResponseBody" is not defined in &lt;eval&gt; at line number 1
stack trace: jdk.nashorn.api.scripting.NashornScriptEngine.throwAsScriptException(NashornScriptEngine.java:470)
	at ✽.* def user = searchUserResponseBody.user.length (searchAndCreateUser.feature:31)

* match user == '#present' ................................................ skipped
* def jsUtils = read('classpath:com/egov/utils/jsUtils.js') ............... passed
* def userConstant = read('../../core-services/constants/user.yaml') ...... passed
* call read('../../core-services/pretests/userPretest.feature@finduserwithoutusername') . passed
* assert searchUserResponseBody.Errors[0].code == userConstant.errormessages.forInvalidUserName . failed

Stack Trace:
com.intuit.karate.exception.KarateException: searchAndCreateUser.feature:41 - evaluation (js) failed: searchUserResponseBody.Errors[0].code == userConstant.errormessages.forInvalidUserName, javax.script.ScriptException: ReferenceError: "searchUserResponseBody" is not defined in &lt;eval&gt; at line number 1
stack trace: jdk.nashorn.api.scripting.NashornScriptEngine.throwAsScriptException(NashornScriptEngine.java:470)
	at ✽.* assert searchUserResponseBody.Errors[0].code == userConstant.errormessages.forInvalidUserName (searchAndCreateUser.feature:41)

* def jsUtils = read('classpath:com/egov/utils/jsUtils.js') ............... passed
* def userConstant = read('../../core-services/constants/user.yaml') ...... passed
* call read('../../core-services/pretests/userPretest.feature@finduserwithouttenantid') . passed
* assert searchUserResponseBody.Errors[0].code == userConstant.errormessages.withoutTenanntId . failed

Stack Trace:
com.intuit.karate.exception.KarateException: searchAndCreateUser.feature:48 - evaluation (js) failed: searchUserResponseBody.Errors[0].code == userConstant.errormessages.withoutTenanntId, javax.script.ScriptException: ReferenceError: "searchUserResponseBody" is not defined in &lt;eval&gt; at line number 1
stack trace: jdk.nashorn.api.scripting.NashornScriptEngine.throwAsScriptException(NashornScriptEngine.java:470)
	at ✽.* assert searchUserResponseBody.Errors[0].code == userConstant.errormessages.withoutTenanntId (searchAndCreateUser.feature:48)

* def jsUtils = read('classpath:com/egov/utils/jsUtils.js') ............... passed
* def userConstant = read('../../core-services/constants/user.yaml') ...... passed
* call read('../../core-services/pretests/userPretest.feature@finduserwithmultipletenantid') . passed
* def user = searchUserResponseBody.user.length ........................... failed

Stack Trace:
com.intuit.karate.exception.KarateException: searchAndCreateUser.feature:55 - evaluation (js) failed: searchUserResponseBody.user.length, javax.script.ScriptException: ReferenceError: "searchUserResponseBody" is not defined in &lt;eval&gt; at line number 1
stack trace: jdk.nashorn.api.scripting.NashornScriptEngine.throwAsScriptException(NashornScriptEngine.java:470)
	at ✽.* def user = searchUserResponseBody.user.length (searchAndCreateUser.feature:55)

* def jsUtils = read('classpath:com/egov/utils/jsUtils.js') ............... passed
* def userConstant = read('../../core-services/constants/user.yaml') ...... passed
* call read('../../core-services/pretests/userPretest.feature@finduseremptytenantid') . passed
* assert searchUserResponseBody.Errors[0].code == userConstant.errormessages.withEmptyStringTenantId . failed

Stack Trace:
com.intuit.karate.exception.KarateException: searchAndCreateUser.feature:63 - evaluation (js) failed: searchUserResponseBody.Errors[0].code == userConstant.errormessages.withEmptyStringTenantId, javax.script.ScriptException: ReferenceError: "searchUserResponseBody" is not defined in &lt;eval&gt; at line number 1
stack trace: jdk.nashorn.api.scripting.NashornScriptEngine.throwAsScriptException(NashornScriptEngine.java:470)
	at ✽.* assert searchUserResponseBody.Errors[0].code == userConstant.errormessages.withEmptyStringTenantId (searchAndCreateUser.feature:63)

* def jsUtils = read('classpath:com/egov/utils/jsUtils.js') ............... passed
* def userConstant = read('../../core-services/constants/user.yaml') ...... passed
* call read('../../core-services/pretests/citizenCreate.feature@createCitizen') . passed
* assert createCitizenResponseBody.error.message == userConstant.errormessages.invalidOtp . failed

Stack Trace:
com.intuit.karate.exception.KarateException: searchAndCreateUser.feature:70 - assert evaluated to false: createCitizenResponseBody.error.message == userConstant.errormessages.invalidOtp
	at ✽.* assert createCitizenResponseBody.error.message == userConstant.errormessages.invalidOtp (searchAndCreateUser.feature:70)

* def jsUtils = read('classpath:com/egov/utils/jsUtils.js') ............... passed
* def userConstant = read('../../core-services/constants/user.yaml') ...... passed
* call read('../../core-services/pretests/citizenCreate.feature@createCitizenWithoutUsername') . passed
* assert createCitizenResponseBody.Errors[0].code == userConstant.errormessages.invalidUserNameCode . passed</system-out>
   </testcase>
   <testcase classname="com.egov.core-services.tests.searchAndCreateUser"
             name="Create citizen without name parameter in the request"
             time="0.181785">
      <system-out>* def jsUtils = read('classpath:com/egov/utils/jsUtils.js') ............... passed
* def userConstant = read('../../core-services/constants/user.yaml') ...... passed
* call read('../../core-services/pretests/userPretest.feature@finduser') .. passed
* def user = searchUserResponseBody.user.length ........................... failed

Stack Trace:
com.intuit.karate.exception.KarateException: searchAndCreateUser.feature:11 - evaluation (js) failed: searchUserResponseBody.user.length, javax.script.ScriptException: ReferenceError: "searchUserResponseBody" is not defined in &lt;eval&gt; at line number 1
stack trace: jdk.nashorn.api.scripting.NashornScriptEngine.throwAsScriptException(NashornScriptEngine.java:470)
	at ✽.* def user = searchUserResponseBody.user.length (searchAndCreateUser.feature:11)

* match user == '#present' ................................................ skipped
* def jsUtils = read('classpath:com/egov/utils/jsUtils.js') ............... passed
* def userConstant = read('../../core-services/constants/user.yaml') ...... passed
* call read('../../core-services/pretests/userPretest.feature@finduserwithinvalidusername') . passed
* def user = searchUserResponseBody.user.length ........................... failed

Stack Trace:
com.intuit.karate.exception.KarateException: searchAndCreateUser.feature:21 - evaluation (js) failed: searchUserResponseBody.user.length, javax.script.ScriptException: ReferenceError: "searchUserResponseBody" is not defined in &lt;eval&gt; at line number 1
stack trace: jdk.nashorn.api.scripting.NashornScriptEngine.throwAsScriptException(NashornScriptEngine.java:470)
	at ✽.* def user = searchUserResponseBody.user.length (searchAndCreateUser.feature:21)

* match user == '#present' ................................................ skipped
* def jsUtils = read('classpath:com/egov/utils/jsUtils.js') ............... passed
* def userConstant = read('../../core-services/constants/user.yaml') ...... passed
* call read('../../core-services/pretests/userPretest.feature@finduserwithinvalidtenantid') . passed
* def user = searchUserResponseBody.user.length ........................... failed

Stack Trace:
com.intuit.karate.exception.KarateException: searchAndCreateUser.feature:31 - evaluation (js) failed: searchUserResponseBody.user.length, javax.script.ScriptException: ReferenceError: "searchUserResponseBody" is not defined in &lt;eval&gt; at line number 1
stack trace: jdk.nashorn.api.scripting.NashornScriptEngine.throwAsScriptException(NashornScriptEngine.java:470)
	at ✽.* def user = searchUserResponseBody.user.length (searchAndCreateUser.feature:31)

* match user == '#present' ................................................ skipped
* def jsUtils = read('classpath:com/egov/utils/jsUtils.js') ............... passed
* def userConstant = read('../../core-services/constants/user.yaml') ...... passed
* call read('../../core-services/pretests/userPretest.feature@finduserwithoutusername') . passed
* assert searchUserResponseBody.Errors[0].code == userConstant.errormessages.forInvalidUserName . failed

Stack Trace:
com.intuit.karate.exception.KarateException: searchAndCreateUser.feature:41 - evaluation (js) failed: searchUserResponseBody.Errors[0].code == userConstant.errormessages.forInvalidUserName, javax.script.ScriptException: ReferenceError: "searchUserResponseBody" is not defined in &lt;eval&gt; at line number 1
stack trace: jdk.nashorn.api.scripting.NashornScriptEngine.throwAsScriptException(NashornScriptEngine.java:470)
	at ✽.* assert searchUserResponseBody.Errors[0].code == userConstant.errormessages.forInvalidUserName (searchAndCreateUser.feature:41)

* def jsUtils = read('classpath:com/egov/utils/jsUtils.js') ............... passed
* def userConstant = read('../../core-services/constants/user.yaml') ...... passed
* call read('../../core-services/pretests/userPretest.feature@finduserwithouttenantid') . passed
* assert searchUserResponseBody.Errors[0].code == userConstant.errormessages.withoutTenanntId . failed

Stack Trace:
com.intuit.karate.exception.KarateException: searchAndCreateUser.feature:48 - evaluation (js) failed: searchUserResponseBody.Errors[0].code == userConstant.errormessages.withoutTenanntId, javax.script.ScriptException: ReferenceError: "searchUserResponseBody" is not defined in &lt;eval&gt; at line number 1
stack trace: jdk.nashorn.api.scripting.NashornScriptEngine.throwAsScriptException(NashornScriptEngine.java:470)
	at ✽.* assert searchUserResponseBody.Errors[0].code == userConstant.errormessages.withoutTenanntId (searchAndCreateUser.feature:48)

* def jsUtils = read('classpath:com/egov/utils/jsUtils.js') ............... passed
* def userConstant = read('../../core-services/constants/user.yaml') ...... passed
* call read('../../core-services/pretests/userPretest.feature@finduserwithmultipletenantid') . passed
* def user = searchUserResponseBody.user.length ........................... failed

Stack Trace:
com.intuit.karate.exception.KarateException: searchAndCreateUser.feature:55 - evaluation (js) failed: searchUserResponseBody.user.length, javax.script.ScriptException: ReferenceError: "searchUserResponseBody" is not defined in &lt;eval&gt; at line number 1
stack trace: jdk.nashorn.api.scripting.NashornScriptEngine.throwAsScriptException(NashornScriptEngine.java:470)
	at ✽.* def user = searchUserResponseBody.user.length (searchAndCreateUser.feature:55)

* def jsUtils = read('classpath:com/egov/utils/jsUtils.js') ............... passed
* def userConstant = read('../../core-services/constants/user.yaml') ...... passed
* call read('../../core-services/pretests/userPretest.feature@finduseremptytenantid') . passed
* assert searchUserResponseBody.Errors[0].code == userConstant.errormessages.withEmptyStringTenantId . failed

Stack Trace:
com.intuit.karate.exception.KarateException: searchAndCreateUser.feature:63 - evaluation (js) failed: searchUserResponseBody.Errors[0].code == userConstant.errormessages.withEmptyStringTenantId, javax.script.ScriptException: ReferenceError: "searchUserResponseBody" is not defined in &lt;eval&gt; at line number 1
stack trace: jdk.nashorn.api.scripting.NashornScriptEngine.throwAsScriptException(NashornScriptEngine.java:470)
	at ✽.* assert searchUserResponseBody.Errors[0].code == userConstant.errormessages.withEmptyStringTenantId (searchAndCreateUser.feature:63)

* def jsUtils = read('classpath:com/egov/utils/jsUtils.js') ............... passed
* def userConstant = read('../../core-services/constants/user.yaml') ...... passed
* call read('../../core-services/pretests/citizenCreate.feature@createCitizen') . passed
* assert createCitizenResponseBody.error.message == userConstant.errormessages.invalidOtp . failed

Stack Trace:
com.intuit.karate.exception.KarateException: searchAndCreateUser.feature:70 - assert evaluated to false: createCitizenResponseBody.error.message == userConstant.errormessages.invalidOtp
	at ✽.* assert createCitizenResponseBody.error.message == userConstant.errormessages.invalidOtp (searchAndCreateUser.feature:70)

* def jsUtils = read('classpath:com/egov/utils/jsUtils.js') ............... passed
* def userConstant = read('../../core-services/constants/user.yaml') ...... passed
* call read('../../core-services/pretests/citizenCreate.feature@createCitizenWithoutUsername') . passed
* assert createCitizenResponseBody.Errors[0].code == userConstant.errormessages.invalidUserNameCode . passed
* def jsUtils = read('classpath:com/egov/utils/jsUtils.js') ............... passed
* def userConstant = read('../../core-services/constants/user.yaml') ...... passed
* call read('../../core-services/pretests/citizenCreate.feature@createCitizenWithoutName') . passed
* assert createCitizenResponseBody.Errors[0].code == userConstant.errormessages.invalidName . passed</system-out>
   </testcase>
   <testcase classname="com.egov.core-services.tests.searchAndCreateUser"
             name="Create citizen without tenantId parameter in the request"
             time="0.14092">
      <system-out>* def jsUtils = read('classpath:com/egov/utils/jsUtils.js') ............... passed
* def userConstant = read('../../core-services/constants/user.yaml') ...... passed
* call read('../../core-services/pretests/userPretest.feature@finduser') .. passed
* def user = searchUserResponseBody.user.length ........................... failed

Stack Trace:
com.intuit.karate.exception.KarateException: searchAndCreateUser.feature:11 - evaluation (js) failed: searchUserResponseBody.user.length, javax.script.ScriptException: ReferenceError: "searchUserResponseBody" is not defined in &lt;eval&gt; at line number 1
stack trace: jdk.nashorn.api.scripting.NashornScriptEngine.throwAsScriptException(NashornScriptEngine.java:470)
	at ✽.* def user = searchUserResponseBody.user.length (searchAndCreateUser.feature:11)

* match user == '#present' ................................................ skipped
* def jsUtils = read('classpath:com/egov/utils/jsUtils.js') ............... passed
* def userConstant = read('../../core-services/constants/user.yaml') ...... passed
* call read('../../core-services/pretests/userPretest.feature@finduserwithinvalidusername') . passed
* def user = searchUserResponseBody.user.length ........................... failed

Stack Trace:
com.intuit.karate.exception.KarateException: searchAndCreateUser.feature:21 - evaluation (js) failed: searchUserResponseBody.user.length, javax.script.ScriptException: ReferenceError: "searchUserResponseBody" is not defined in &lt;eval&gt; at line number 1
stack trace: jdk.nashorn.api.scripting.NashornScriptEngine.throwAsScriptException(NashornScriptEngine.java:470)
	at ✽.* def user = searchUserResponseBody.user.length (searchAndCreateUser.feature:21)

* match user == '#present' ................................................ skipped
* def jsUtils = read('classpath:com/egov/utils/jsUtils.js') ............... passed
* def userConstant = read('../../core-services/constants/user.yaml') ...... passed
* call read('../../core-services/pretests/userPretest.feature@finduserwithinvalidtenantid') . passed
* def user = searchUserResponseBody.user.length ........................... failed

Stack Trace:
com.intuit.karate.exception.KarateException: searchAndCreateUser.feature:31 - evaluation (js) failed: searchUserResponseBody.user.length, javax.script.ScriptException: ReferenceError: "searchUserResponseBody" is not defined in &lt;eval&gt; at line number 1
stack trace: jdk.nashorn.api.scripting.NashornScriptEngine.throwAsScriptException(NashornScriptEngine.java:470)
	at ✽.* def user = searchUserResponseBody.user.length (searchAndCreateUser.feature:31)

* match user == '#present' ................................................ skipped
* def jsUtils = read('classpath:com/egov/utils/jsUtils.js') ............... passed
* def userConstant = read('../../core-services/constants/user.yaml') ...... passed
* call read('../../core-services/pretests/userPretest.feature@finduserwithoutusername') . passed
* assert searchUserResponseBody.Errors[0].code == userConstant.errormessages.forInvalidUserName . failed

Stack Trace:
com.intuit.karate.exception.KarateException: searchAndCreateUser.feature:41 - evaluation (js) failed: searchUserResponseBody.Errors[0].code == userConstant.errormessages.forInvalidUserName, javax.script.ScriptException: ReferenceError: "searchUserResponseBody" is not defined in &lt;eval&gt; at line number 1
stack trace: jdk.nashorn.api.scripting.NashornScriptEngine.throwAsScriptException(NashornScriptEngine.java:470)
	at ✽.* assert searchUserResponseBody.Errors[0].code == userConstant.errormessages.forInvalidUserName (searchAndCreateUser.feature:41)

* def jsUtils = read('classpath:com/egov/utils/jsUtils.js') ............... passed
* def userConstant = read('../../core-services/constants/user.yaml') ...... passed
* call read('../../core-services/pretests/userPretest.feature@finduserwithouttenantid') . passed
* assert searchUserResponseBody.Errors[0].code == userConstant.errormessages.withoutTenanntId . failed

Stack Trace:
com.intuit.karate.exception.KarateException: searchAndCreateUser.feature:48 - evaluation (js) failed: searchUserResponseBody.Errors[0].code == userConstant.errormessages.withoutTenanntId, javax.script.ScriptException: ReferenceError: "searchUserResponseBody" is not defined in &lt;eval&gt; at line number 1
stack trace: jdk.nashorn.api.scripting.NashornScriptEngine.throwAsScriptException(NashornScriptEngine.java:470)
	at ✽.* assert searchUserResponseBody.Errors[0].code == userConstant.errormessages.withoutTenanntId (searchAndCreateUser.feature:48)

* def jsUtils = read('classpath:com/egov/utils/jsUtils.js') ............... passed
* def userConstant = read('../../core-services/constants/user.yaml') ...... passed
* call read('../../core-services/pretests/userPretest.feature@finduserwithmultipletenantid') . passed
* def user = searchUserResponseBody.user.length ........................... failed

Stack Trace:
com.intuit.karate.exception.KarateException: searchAndCreateUser.feature:55 - evaluation (js) failed: searchUserResponseBody.user.length, javax.script.ScriptException: ReferenceError: "searchUserResponseBody" is not defined in &lt;eval&gt; at line number 1
stack trace: jdk.nashorn.api.scripting.NashornScriptEngine.throwAsScriptException(NashornScriptEngine.java:470)
	at ✽.* def user = searchUserResponseBody.user.length (searchAndCreateUser.feature:55)

* def jsUtils = read('classpath:com/egov/utils/jsUtils.js') ............... passed
* def userConstant = read('../../core-services/constants/user.yaml') ...... passed
* call read('../../core-services/pretests/userPretest.feature@finduseremptytenantid') . passed
* assert searchUserResponseBody.Errors[0].code == userConstant.errormessages.withEmptyStringTenantId . failed

Stack Trace:
com.intuit.karate.exception.KarateException: searchAndCreateUser.feature:63 - evaluation (js) failed: searchUserResponseBody.Errors[0].code == userConstant.errormessages.withEmptyStringTenantId, javax.script.ScriptException: ReferenceError: "searchUserResponseBody" is not defined in &lt;eval&gt; at line number 1
stack trace: jdk.nashorn.api.scripting.NashornScriptEngine.throwAsScriptException(NashornScriptEngine.java:470)
	at ✽.* assert searchUserResponseBody.Errors[0].code == userConstant.errormessages.withEmptyStringTenantId (searchAndCreateUser.feature:63)

* def jsUtils = read('classpath:com/egov/utils/jsUtils.js') ............... passed
* def userConstant = read('../../core-services/constants/user.yaml') ...... passed
* call read('../../core-services/pretests/citizenCreate.feature@createCitizen') . passed
* assert createCitizenResponseBody.error.message == userConstant.errormessages.invalidOtp . failed

Stack Trace:
com.intuit.karate.exception.KarateException: searchAndCreateUser.feature:70 - assert evaluated to false: createCitizenResponseBody.error.message == userConstant.errormessages.invalidOtp
	at ✽.* assert createCitizenResponseBody.error.message == userConstant.errormessages.invalidOtp (searchAndCreateUser.feature:70)

* def jsUtils = read('classpath:com/egov/utils/jsUtils.js') ............... passed
* def userConstant = read('../../core-services/constants/user.yaml') ...... passed
* call read('../../core-services/pretests/citizenCreate.feature@createCitizenWithoutUsername') . passed
* assert createCitizenResponseBody.Errors[0].code == userConstant.errormessages.invalidUserNameCode . passed
* def jsUtils = read('classpath:com/egov/utils/jsUtils.js') ............... passed
* def userConstant = read('../../core-services/constants/user.yaml') ...... passed
* call read('../../core-services/pretests/citizenCreate.feature@createCitizenWithoutName') . passed
* assert createCitizenResponseBody.Errors[0].code == userConstant.errormessages.invalidName . passed
* def jsUtils = read('classpath:com/egov/utils/jsUtils.js') ............... passed
* def userConstant = read('../../core-services/constants/user.yaml') ...... passed
* call read('../../core-services/pretests/citizenCreate.feature@createCitizenWithoutTenantId') . passed
* assert createCitizenResponseBody.Errors[0].code == userConstant.errormessages.invalidTenantId . passed</system-out>
   </testcase>
   <testcase classname="com.egov.core-services.tests.searchAndCreateUser"
             name="Create citizen with InValid username in the request"
             time="0.156047">
      <system-out>* def jsUtils = read('classpath:com/egov/utils/jsUtils.js') ............... passed
* def userConstant = read('../../core-services/constants/user.yaml') ...... passed
* call read('../../core-services/pretests/userPretest.feature@finduser') .. passed
* def user = searchUserResponseBody.user.length ........................... failed

Stack Trace:
com.intuit.karate.exception.KarateException: searchAndCreateUser.feature:11 - evaluation (js) failed: searchUserResponseBody.user.length, javax.script.ScriptException: ReferenceError: "searchUserResponseBody" is not defined in &lt;eval&gt; at line number 1
stack trace: jdk.nashorn.api.scripting.NashornScriptEngine.throwAsScriptException(NashornScriptEngine.java:470)
	at ✽.* def user = searchUserResponseBody.user.length (searchAndCreateUser.feature:11)

* match user == '#present' ................................................ skipped
* def jsUtils = read('classpath:com/egov/utils/jsUtils.js') ............... passed
* def userConstant = read('../../core-services/constants/user.yaml') ...... passed
* call read('../../core-services/pretests/userPretest.feature@finduserwithinvalidusername') . passed
* def user = searchUserResponseBody.user.length ........................... failed

Stack Trace:
com.intuit.karate.exception.KarateException: searchAndCreateUser.feature:21 - evaluation (js) failed: searchUserResponseBody.user.length, javax.script.ScriptException: ReferenceError: "searchUserResponseBody" is not defined in &lt;eval&gt; at line number 1
stack trace: jdk.nashorn.api.scripting.NashornScriptEngine.throwAsScriptException(NashornScriptEngine.java:470)
	at ✽.* def user = searchUserResponseBody.user.length (searchAndCreateUser.feature:21)

* match user == '#present' ................................................ skipped
* def jsUtils = read('classpath:com/egov/utils/jsUtils.js') ............... passed
* def userConstant = read('../../core-services/constants/user.yaml') ...... passed
* call read('../../core-services/pretests/userPretest.feature@finduserwithinvalidtenantid') . passed
* def user = searchUserResponseBody.user.length ........................... failed

Stack Trace:
com.intuit.karate.exception.KarateException: searchAndCreateUser.feature:31 - evaluation (js) failed: searchUserResponseBody.user.length, javax.script.ScriptException: ReferenceError: "searchUserResponseBody" is not defined in &lt;eval&gt; at line number 1
stack trace: jdk.nashorn.api.scripting.NashornScriptEngine.throwAsScriptException(NashornScriptEngine.java:470)
	at ✽.* def user = searchUserResponseBody.user.length (searchAndCreateUser.feature:31)

* match user == '#present' ................................................ skipped
* def jsUtils = read('classpath:com/egov/utils/jsUtils.js') ............... passed
* def userConstant = read('../../core-services/constants/user.yaml') ...... passed
* call read('../../core-services/pretests/userPretest.feature@finduserwithoutusername') . passed
* assert searchUserResponseBody.Errors[0].code == userConstant.errormessages.forInvalidUserName . failed

Stack Trace:
com.intuit.karate.exception.KarateException: searchAndCreateUser.feature:41 - evaluation (js) failed: searchUserResponseBody.Errors[0].code == userConstant.errormessages.forInvalidUserName, javax.script.ScriptException: ReferenceError: "searchUserResponseBody" is not defined in &lt;eval&gt; at line number 1
stack trace: jdk.nashorn.api.scripting.NashornScriptEngine.throwAsScriptException(NashornScriptEngine.java:470)
	at ✽.* assert searchUserResponseBody.Errors[0].code == userConstant.errormessages.forInvalidUserName (searchAndCreateUser.feature:41)

* def jsUtils = read('classpath:com/egov/utils/jsUtils.js') ............... passed
* def userConstant = read('../../core-services/constants/user.yaml') ...... passed
* call read('../../core-services/pretests/userPretest.feature@finduserwithouttenantid') . passed
* assert searchUserResponseBody.Errors[0].code == userConstant.errormessages.withoutTenanntId . failed

Stack Trace:
com.intuit.karate.exception.KarateException: searchAndCreateUser.feature:48 - evaluation (js) failed: searchUserResponseBody.Errors[0].code == userConstant.errormessages.withoutTenanntId, javax.script.ScriptException: ReferenceError: "searchUserResponseBody" is not defined in &lt;eval&gt; at line number 1
stack trace: jdk.nashorn.api.scripting.NashornScriptEngine.throwAsScriptException(NashornScriptEngine.java:470)
	at ✽.* assert searchUserResponseBody.Errors[0].code == userConstant.errormessages.withoutTenanntId (searchAndCreateUser.feature:48)

* def jsUtils = read('classpath:com/egov/utils/jsUtils.js') ............... passed
* def userConstant = read('../../core-services/constants/user.yaml') ...... passed
* call read('../../core-services/pretests/userPretest.feature@finduserwithmultipletenantid') . passed
* def user = searchUserResponseBody.user.length ........................... failed

Stack Trace:
com.intuit.karate.exception.KarateException: searchAndCreateUser.feature:55 - evaluation (js) failed: searchUserResponseBody.user.length, javax.script.ScriptException: ReferenceError: "searchUserResponseBody" is not defined in &lt;eval&gt; at line number 1
stack trace: jdk.nashorn.api.scripting.NashornScriptEngine.throwAsScriptException(NashornScriptEngine.java:470)
	at ✽.* def user = searchUserResponseBody.user.length (searchAndCreateUser.feature:55)

* def jsUtils = read('classpath:com/egov/utils/jsUtils.js') ............... passed
* def userConstant = read('../../core-services/constants/user.yaml') ...... passed
* call read('../../core-services/pretests/userPretest.feature@finduseremptytenantid') . passed
* assert searchUserResponseBody.Errors[0].code == userConstant.errormessages.withEmptyStringTenantId . failed

Stack Trace:
com.intuit.karate.exception.KarateException: searchAndCreateUser.feature:63 - evaluation (js) failed: searchUserResponseBody.Errors[0].code == userConstant.errormessages.withEmptyStringTenantId, javax.script.ScriptException: ReferenceError: "searchUserResponseBody" is not defined in &lt;eval&gt; at line number 1
stack trace: jdk.nashorn.api.scripting.NashornScriptEngine.throwAsScriptException(NashornScriptEngine.java:470)
	at ✽.* assert searchUserResponseBody.Errors[0].code == userConstant.errormessages.withEmptyStringTenantId (searchAndCreateUser.feature:63)

* def jsUtils = read('classpath:com/egov/utils/jsUtils.js') ............... passed
* def userConstant = read('../../core-services/constants/user.yaml') ...... passed
* call read('../../core-services/pretests/citizenCreate.feature@createCitizen') . passed
* assert createCitizenResponseBody.error.message == userConstant.errormessages.invalidOtp . failed

Stack Trace:
com.intuit.karate.exception.KarateException: searchAndCreateUser.feature:70 - assert evaluated to false: createCitizenResponseBody.error.message == userConstant.errormessages.invalidOtp
	at ✽.* assert createCitizenResponseBody.error.message == userConstant.errormessages.invalidOtp (searchAndCreateUser.feature:70)

* def jsUtils = read('classpath:com/egov/utils/jsUtils.js') ............... passed
* def userConstant = read('../../core-services/constants/user.yaml') ...... passed
* call read('../../core-services/pretests/citizenCreate.feature@createCitizenWithoutUsername') . passed
* assert createCitizenResponseBody.Errors[0].code == userConstant.errormessages.invalidUserNameCode . passed
* def jsUtils = read('classpath:com/egov/utils/jsUtils.js') ............... passed
* def userConstant = read('../../core-services/constants/user.yaml') ...... passed
* call read('../../core-services/pretests/citizenCreate.feature@createCitizenWithoutName') . passed
* assert createCitizenResponseBody.Errors[0].code == userConstant.errormessages.invalidName . passed
* def jsUtils = read('classpath:com/egov/utils/jsUtils.js') ............... passed
* def userConstant = read('../../core-services/constants/user.yaml') ...... passed
* call read('../../core-services/pretests/citizenCreate.feature@createCitizenWithoutTenantId') . passed
* assert createCitizenResponseBody.Errors[0].code == userConstant.errormessages.invalidTenantId . passed
* def jsUtils = read('classpath:com/egov/utils/jsUtils.js') ............... passed
* def userConstant = read('../../core-services/constants/user.yaml') ...... passed
* call read('../../core-services/pretests/citizenCreate.feature@createCitizenWithInvalidUsername') . passed
* assert createCitizenResponseBody.Errors[0].code == userConstant.errormessages.invalidUserNameCode . passed</system-out>
   </testcase>
   <testcase classname="com.egov.core-services.tests.searchAndCreateUser"
             name="Create citizen name with more than 50 characters in the request"
             time="0.13988">
      <failure message="searchAndCreateUser.feature:103 - &#xA;citizenCreate.feature:102 - status code was: 429, expected: 400, response time: 115, url: https://qa.digit.org/user/citizen/_create, response: {&#34;ResponseInfo&#34;:null,&#34;Errors&#34;:[{&#34;code&#34;:&#34;RateLimitExceededException&#34;,&#34;description&#34;:null,&#34;message&#34;:&#34;Rate limit exceeded&#34;,&#34;params&#34;:null}]}">* def jsUtils = read('classpath:com/egov/utils/jsUtils.js') ............... passed
* def userConstant = read('../../core-services/constants/user.yaml') ...... passed
* call read('../../core-services/pretests/userPretest.feature@finduser') .. passed
* def user = searchUserResponseBody.user.length ........................... failed

Stack Trace:
com.intuit.karate.exception.KarateException: searchAndCreateUser.feature:11 - evaluation (js) failed: searchUserResponseBody.user.length, javax.script.ScriptException: ReferenceError: "searchUserResponseBody" is not defined in &lt;eval&gt; at line number 1
stack trace: jdk.nashorn.api.scripting.NashornScriptEngine.throwAsScriptException(NashornScriptEngine.java:470)
	at ✽.* def user = searchUserResponseBody.user.length (searchAndCreateUser.feature:11)

* match user == '#present' ................................................ skipped
* def jsUtils = read('classpath:com/egov/utils/jsUtils.js') ............... passed
* def userConstant = read('../../core-services/constants/user.yaml') ...... passed
* call read('../../core-services/pretests/userPretest.feature@finduserwithinvalidusername') . passed
* def user = searchUserResponseBody.user.length ........................... failed

Stack Trace:
com.intuit.karate.exception.KarateException: searchAndCreateUser.feature:21 - evaluation (js) failed: searchUserResponseBody.user.length, javax.script.ScriptException: ReferenceError: "searchUserResponseBody" is not defined in &lt;eval&gt; at line number 1
stack trace: jdk.nashorn.api.scripting.NashornScriptEngine.throwAsScriptException(NashornScriptEngine.java:470)
	at ✽.* def user = searchUserResponseBody.user.length (searchAndCreateUser.feature:21)

* match user == '#present' ................................................ skipped
* def jsUtils = read('classpath:com/egov/utils/jsUtils.js') ............... passed
* def userConstant = read('../../core-services/constants/user.yaml') ...... passed
* call read('../../core-services/pretests/userPretest.feature@finduserwithinvalidtenantid') . passed
* def user = searchUserResponseBody.user.length ........................... failed

Stack Trace:
com.intuit.karate.exception.KarateException: searchAndCreateUser.feature:31 - evaluation (js) failed: searchUserResponseBody.user.length, javax.script.ScriptException: ReferenceError: "searchUserResponseBody" is not defined in &lt;eval&gt; at line number 1
stack trace: jdk.nashorn.api.scripting.NashornScriptEngine.throwAsScriptException(NashornScriptEngine.java:470)
	at ✽.* def user = searchUserResponseBody.user.length (searchAndCreateUser.feature:31)

* match user == '#present' ................................................ skipped
* def jsUtils = read('classpath:com/egov/utils/jsUtils.js') ............... passed
* def userConstant = read('../../core-services/constants/user.yaml') ...... passed
* call read('../../core-services/pretests/userPretest.feature@finduserwithoutusername') . passed
* assert searchUserResponseBody.Errors[0].code == userConstant.errormessages.forInvalidUserName . failed

Stack Trace:
com.intuit.karate.exception.KarateException: searchAndCreateUser.feature:41 - evaluation (js) failed: searchUserResponseBody.Errors[0].code == userConstant.errormessages.forInvalidUserName, javax.script.ScriptException: ReferenceError: "searchUserResponseBody" is not defined in &lt;eval&gt; at line number 1
stack trace: jdk.nashorn.api.scripting.NashornScriptEngine.throwAsScriptException(NashornScriptEngine.java:470)
	at ✽.* assert searchUserResponseBody.Errors[0].code == userConstant.errormessages.forInvalidUserName (searchAndCreateUser.feature:41)

* def jsUtils = read('classpath:com/egov/utils/jsUtils.js') ............... passed
* def userConstant = read('../../core-services/constants/user.yaml') ...... passed
* call read('../../core-services/pretests/userPretest.feature@finduserwithouttenantid') . passed
* assert searchUserResponseBody.Errors[0].code == userConstant.errormessages.withoutTenanntId . failed

Stack Trace:
com.intuit.karate.exception.KarateException: searchAndCreateUser.feature:48 - evaluation (js) failed: searchUserResponseBody.Errors[0].code == userConstant.errormessages.withoutTenanntId, javax.script.ScriptException: ReferenceError: "searchUserResponseBody" is not defined in &lt;eval&gt; at line number 1
stack trace: jdk.nashorn.api.scripting.NashornScriptEngine.throwAsScriptException(NashornScriptEngine.java:470)
	at ✽.* assert searchUserResponseBody.Errors[0].code == userConstant.errormessages.withoutTenanntId (searchAndCreateUser.feature:48)

* def jsUtils = read('classpath:com/egov/utils/jsUtils.js') ............... passed
* def userConstant = read('../../core-services/constants/user.yaml') ...... passed
* call read('../../core-services/pretests/userPretest.feature@finduserwithmultipletenantid') . passed
* def user = searchUserResponseBody.user.length ........................... failed

Stack Trace:
com.intuit.karate.exception.KarateException: searchAndCreateUser.feature:55 - evaluation (js) failed: searchUserResponseBody.user.length, javax.script.ScriptException: ReferenceError: "searchUserResponseBody" is not defined in &lt;eval&gt; at line number 1
stack trace: jdk.nashorn.api.scripting.NashornScriptEngine.throwAsScriptException(NashornScriptEngine.java:470)
	at ✽.* def user = searchUserResponseBody.user.length (searchAndCreateUser.feature:55)

* def jsUtils = read('classpath:com/egov/utils/jsUtils.js') ............... passed
* def userConstant = read('../../core-services/constants/user.yaml') ...... passed
* call read('../../core-services/pretests/userPretest.feature@finduseremptytenantid') . passed
* assert searchUserResponseBody.Errors[0].code == userConstant.errormessages.withEmptyStringTenantId . failed

Stack Trace:
com.intuit.karate.exception.KarateException: searchAndCreateUser.feature:63 - evaluation (js) failed: searchUserResponseBody.Errors[0].code == userConstant.errormessages.withEmptyStringTenantId, javax.script.ScriptException: ReferenceError: "searchUserResponseBody" is not defined in &lt;eval&gt; at line number 1
stack trace: jdk.nashorn.api.scripting.NashornScriptEngine.throwAsScriptException(NashornScriptEngine.java:470)
	at ✽.* assert searchUserResponseBody.Errors[0].code == userConstant.errormessages.withEmptyStringTenantId (searchAndCreateUser.feature:63)

* def jsUtils = read('classpath:com/egov/utils/jsUtils.js') ............... passed
* def userConstant = read('../../core-services/constants/user.yaml') ...... passed
* call read('../../core-services/pretests/citizenCreate.feature@createCitizen') . passed
* assert createCitizenResponseBody.error.message == userConstant.errormessages.invalidOtp . failed

Stack Trace:
com.intuit.karate.exception.KarateException: searchAndCreateUser.feature:70 - assert evaluated to false: createCitizenResponseBody.error.message == userConstant.errormessages.invalidOtp
	at ✽.* assert createCitizenResponseBody.error.message == userConstant.errormessages.invalidOtp (searchAndCreateUser.feature:70)

* def jsUtils = read('classpath:com/egov/utils/jsUtils.js') ............... passed
* def userConstant = read('../../core-services/constants/user.yaml') ...... passed
* call read('../../core-services/pretests/citizenCreate.feature@createCitizenWithoutUsername') . passed
* assert createCitizenResponseBody.Errors[0].code == userConstant.errormessages.invalidUserNameCode . passed
* def jsUtils = read('classpath:com/egov/utils/jsUtils.js') ............... passed
* def userConstant = read('../../core-services/constants/user.yaml') ...... passed
* call read('../../core-services/pretests/citizenCreate.feature@createCitizenWithoutName') . passed
* assert createCitizenResponseBody.Errors[0].code == userConstant.errormessages.invalidName . passed
* def jsUtils = read('classpath:com/egov/utils/jsUtils.js') ............... passed
* def userConstant = read('../../core-services/constants/user.yaml') ...... passed
* call read('../../core-services/pretests/citizenCreate.feature@createCitizenWithoutTenantId') . passed
* assert createCitizenResponseBody.Errors[0].code == userConstant.errormessages.invalidTenantId . passed
* def jsUtils = read('classpath:com/egov/utils/jsUtils.js') ............... passed
* def userConstant = read('../../core-services/constants/user.yaml') ...... passed
* call read('../../core-services/pretests/citizenCreate.feature@createCitizenWithInvalidUsername') . passed
* assert createCitizenResponseBody.Errors[0].code == userConstant.errormessages.invalidUserNameCode . passed
* def jsUtils = read('classpath:com/egov/utils/jsUtils.js') ............... passed
* def userConstant = read('../../core-services/constants/user.yaml') ...... passed
* call read('../../core-services/pretests/citizenCreate.feature@createCitizenWithNameMoreThan50chars') . failed

Stack Trace:
com.intuit.karate.exception.KarateException: searchAndCreateUser.feature:103 - 
citizenCreate.feature:102 - status code was: 429, expected: 400, response time: 115, url: https://qa.digit.org/user/citizen/_create, response: {"ResponseInfo":null,"Errors":[{"code":"RateLimitExceededException","description":null,"message":"Rate limit exceeded","params":null}]}
	at ✽.* call read('../../core-services/pretests/citizenCreate.feature@createCitizenWithNameMoreThan50chars') (searchAndCreateUser.feature:103)

* assert createCitizenResponseBody.Errors[0].message == userConstant.errormessages.nameCharsSize . skipped</failure>
   </testcase>
</testsuite>
