<!DOCTYPE html>
<html lang="en">
  <head><meta http-equiv="Content-Type" content="text/html; charset=UTF-8">
    <meta charset="utf-8">
    <meta content="width=device-width, initial-scale=1, shrink-to-fit=no" name="viewport">
    <link href="res/bootstrap.min.css" rel="stylesheet" type="text/css">
    <link href="res/karate-report.css" rel="stylesheet" type="text/css">
    <link href="favicon.ico" rel="shortcut icon">
    <script src="res/jquery.min.js" type="text/javascript"></script>
    <script src="res/jquery.tablesorter.min.js" type="text/javascript"></script>
    <script src="res/bootstrap.min.js" type="text/javascript"></script>
    <script src="res/karate-report.js" type="text/javascript"></script>
    <title>com.egov.core-services.tests.userAccount</title>
  </head>
  <body>
    <div id="root-container">
      <div id="leftnav">
        <div class="nav-logo">
          <a href="karate-summary.html">
            <img alt="Karate" src="res/karate-logo.svg">
          </a>
          <div class="nav-count">
            <div class="bg-success" id="nav-pass">0</div>
            <div class="bg-danger" id="nav-fail">5</div>
          </div>
        </div>
        <div id="nav-type">Scenarios</div>         
        <div id="nav-date">2021-08-10 03:40:54 PM</div>        
      <div class="nav-container"><div class="nav-item failed"><a href="#[1:8]">[1:8] Verify the user Account is locked after giving Invalid password for 5 times </a></div><div class="nav-item failed"><a href="#[2:19]">[2:19] Verify the user Account is UnLocked after 1 hour from account locked time </a></div><div class="nav-item failed"><a href="#[3:24]">[3:24] Verify user account after same account is locked by giving valid credentials </a></div><div class="nav-item failed"><a href="#[4:36]">[4:36] Verify the user Account is NOT locked after giving valid password for the 5th time </a></div><div class="nav-item failed"><a href="#[5:43]">[5:43] Verify the user Account before 1 hr after locked </a></div></div></div>
      <div id="content">
      <div class="page-heading alert alert-primary"><a href="karate-summary.html">Summary</a><span class="feature-label">|</span><a href="karate-tags.html">Tags</a><span class="feature-label">|</span><span class="feature-label">Feature:</span><span class="feature-name">com/egov/core-services/tests/userAccount.feature</span><span class="feature-description">User oauth token</span></div><div class="scenario"><div class="scenario-heading" id="[1:8]"><div class="heading-container"><div class="scenario-tags"><a class="badge badge-primary" href="karate-tags.html">userAccountAfterLock</a><a class="badge badge-primary" href="karate-tags.html">regression</a><a class="badge badge-primary" href="karate-tags.html">coreServices</a><a class="badge badge-primary" href="karate-tags.html">User_AccountLock_01</a></div><span class="scenario-keyword">Scenario: [1:8]</span><span class="scenario-name">Verify the user Account is locked after giving Invalid password for 5 times </span></div><div class="scenario-time failed">ms: 62</div></div><div class="step-row"><div class="step-container" id="[1:8]bg"><div class="step-ref bg-step">&gt;&gt;</div><div class="step-cell passed">Background:</div></div><div class="time-cell passed"></div></div><div class="step-row" data-parent="[1:8]bg"><div class="step-container" id="1"><div class="step-ref bg-step">1</div><div class="step-cell passed">* configure headers = read('classpath:com/egov/utils/websCommonHeaders.js')</div></div><div class="time-cell passed">1</div></div><div class="preformatted" data-parent="1">15:40:50.039 karate.env:  
15:40:50.039 locale: en_IN 
15:40:50.040 tenantId: pb.amritsar</div><div class="step-row" data-parent="[1:8]bg"><div class="step-container" id="2"><div class="step-ref bg-step">2</div><div class="step-cell passed">* def jsUtils = read('classpath:com/egov/utils/jsUtils.js')</div></div><div class="time-cell passed">2</div></div><div class="step-row" data-parent="[1:8]bg"><div class="step-container" id="3"><div class="step-ref bg-step">3</div><div class="step-cell passed">* def userConstant = read('../../core-services/constants/user.yaml')</div></div><div class="time-cell passed">3</div></div><div class="step-row"><div class="step-container"><div class="step-ref passed"></div><div class="step-cell comment"># Execute 5tiimes with invalid password</div></div><div class="time-cell comment"></div></div><div class="step-row"><div class="step-container" id="4"><div class="step-ref passed">4</div><div class="step-cell passed">* def invalidPswToLock = read('../../core-services/pretests/userAccountUnlockPretest.feature@invalidPasswordError')</div></div><div class="time-cell passed">5</div></div><div class="step-row"><div class="step-container" id="5"><div class="step-ref passed">5</div><div class="step-cell passed">* def invalidPswPayload = read('../../core-services/requestPayload/user/oauthInvalidPassword.json')</div></div><div class="time-cell passed">3</div></div><div class="step-row"><div class="step-container" id="6"><div class="step-ref failed">6</div><div class="step-cell failed">* def result = call invalidPswToLock invalidPswPayload</div></div><div class="time-cell failed">49</div></div><div class="preformatted" data-parent="6">15:40:50.106 feature call (loop) failed at index: 4
caller: classpath:com/egov/core-services/tests/../../core-services/pretests/userAccountUnlockPretest.feature
arg: {"oauthPassword":"egov12"}
userAccountUnlockPretest.feature:9 - evaluation (js) failed: employeeSuperUserUserNme, javax.script.ScriptException: ReferenceError: "employeeSuperUserUserNme" is not defined in &lt;eval&gt; at line number 1
stack trace: jdk.nashorn.api.scripting.NashornScriptEngine.throwAsScriptException(NashornScriptEngine.java:470)
userAccount.feature:14 - feature call (loop) failed: classpath:com/egov/core-services/tests/../../core-services/pretests/userAccountUnlockPretest.feature
caller: classpath:com/egov/core-services/tests/userAccount.feature
items: [{"oauthPassword":"egov1"},{"oauthPassword":"egov2"},{"oauthPassword":"egov3"},{"oauthPassword":"egov11"},{"oauthPassword":"egov12"}]
errors:
-------
feature call (loop) failed at index: 0
caller: classpath:com/egov/core-services/tests/../../core-services/pretests/userAccountUnlockPretest.feature
arg: {"oauthPassword":"egov1"}
userAccountUnlockPretest.feature:9 - evaluation (js) failed: employeeSuperUserUserNme, javax.script.ScriptException: ReferenceError: "employeeSuperUserUserNme" is not defined in &lt;eval&gt; at line number 1
stack trace: jdk.nashorn.api.scripting.NashornScriptEngine.throwAsScriptException(NashornScriptEngine.java:470)
-------
feature call (loop) failed at index: 1
caller: classpath:com/egov/core-services/tests/../../core-services/pretests/userAccountUnlockPretest.feature
arg: {"oauthPassword":"egov2"}
userAccountUnlockPretest.feature:9 - evaluation (js) failed: employeeSuperUserUserNme, javax.script.ScriptException: ReferenceError: "employeeSuperUserUserNme" is not defined in &lt;eval&gt; at line number 1
stack trace: jdk.nashorn.api.scripting.NashornScriptEngine.throwAsScriptException(NashornScriptEngine.java:470)
-------
feature call (loop) failed at index: 2
caller: classpath:com/egov/core-services/tests/../../core-services/pretests/userAccountUnlockPretest.feature
arg: {"oauthPassword":"egov3"}
userAccountUnlockPretest.feature:9 - evaluation (js) failed: employeeSuperUserUserNme, javax.script.ScriptException: ReferenceError: "employeeSuperUserUserNme" is not defined in &lt;eval&gt; at line number 1
stack trace: jdk.nashorn.api.scripting.NashornScriptEngine.throwAsScriptException(NashornScriptEngine.java:470)
-------
feature call (loop) failed at index: 3
caller: classpath:com/egov/core-services/tests/../../core-services/pretests/userAccountUnlockPretest.feature
arg: {"oauthPassword":"egov11"}
userAccountUnlockPretest.feature:9 - evaluation (js) failed: employeeSuperUserUserNme, javax.script.ScriptException: ReferenceError: "employeeSuperUserUserNme" is not defined in &lt;eval&gt; at line number 1
stack trace: jdk.nashorn.api.scripting.NashornScriptEngine.throwAsScriptException(NashornScriptEngine.java:470)
-------
feature call (loop) failed at index: 4
caller: classpath:com/egov/core-services/tests/../../core-services/pretests/userAccountUnlockPretest.feature
arg: {"oauthPassword":"egov12"}
userAccountUnlockPretest.feature:9 - evaluation (js) failed: employeeSuperUserUserNme, javax.script.ScriptException: ReferenceError: "employeeSuperUserUserNme" is not defined in &lt;eval&gt; at line number 1
stack trace: jdk.nashorn.api.scripting.NashornScriptEngine.throwAsScriptException(NashornScriptEngine.java:470)</div><div class="step-row"><div class="step-container" id="6.1"><div class="step-ref failed">&gt;&gt;</div><div class="step-cell failed">[0] com/egov/core-services/tests/../../core-services/pretests/userAccountUnlockPretest.feature</div></div><div class="time-cell failed">15</div></div><div class="callarg-container" data-parent="6.1"><div class="step-ref"> </div><div class="preformatted">{
  "oauthPassword": "egov1"
}
</div></div><div class="step-row"><div class="step-container" id="7"><div class="step-ref passed">7</div><div class="step-indent"> </div><div class="step-cell passed">* configure headers = read('classpath:com/egov/utils/oauthTokenHeader.js')</div></div><div class="time-cell passed">11</div></div><div class="step-row"><div class="step-container" id="8"><div class="step-ref passed">8</div><div class="step-indent"> </div><div class="step-cell passed">* def jsUtils = read('classpath:com/egov/utils/jsUtils.js')</div></div><div class="time-cell passed">2</div></div><div class="step-row"><div class="step-container" id="9"><div class="step-ref passed">9</div><div class="step-indent"> </div><div class="step-cell passed">Given url authTokenUrl</div></div><div class="time-cell passed">0</div></div><div class="step-row"><div class="step-container" id="10"><div class="step-ref failed">10</div><div class="step-indent"> </div><div class="step-cell failed">And form field username = employeeSuperUserUserNme</div></div><div class="time-cell failed">2</div></div><div class="preformatted" data-parent="10">userAccountUnlockPretest.feature:9 - evaluation (js) failed: employeeSuperUserUserNme, javax.script.ScriptException: ReferenceError: "employeeSuperUserUserNme" is not defined in &lt;eval&gt; at line number 1
stack trace: jdk.nashorn.api.scripting.NashornScriptEngine.throwAsScriptException(NashornScriptEngine.java:470)</div><div class="step-row"><div class="step-container" id="11"><div class="step-ref skipped">11</div><div class="step-indent"> </div><div class="step-cell skipped">And form field password = '#(oauthPassword)'</div></div><div class="time-cell skipped">0</div></div><div class="step-row"><div class="step-container" id="12"><div class="step-ref skipped">12</div><div class="step-indent"> </div><div class="step-cell skipped">And form field grant_type = 'password'</div></div><div class="time-cell skipped">0</div></div><div class="step-row"><div class="step-container" id="13"><div class="step-ref skipped">13</div><div class="step-indent"> </div><div class="step-cell skipped">And form field scope = 'read'</div></div><div class="time-cell skipped">0</div></div><div class="step-row"><div class="step-container" id="14"><div class="step-ref skipped">14</div><div class="step-indent"> </div><div class="step-cell skipped">And form field tenantId = tenantId</div></div><div class="time-cell skipped">0</div></div><div class="step-row"><div class="step-container" id="15"><div class="step-ref skipped">15</div><div class="step-indent"> </div><div class="step-cell skipped">And form field userType = employeeType</div></div><div class="time-cell skipped">0</div></div><div class="step-row"><div class="step-container" id="16"><div class="step-ref skipped">16</div><div class="step-indent"> </div><div class="step-cell skipped">When method post</div></div><div class="time-cell skipped">0</div></div><div class="step-row"><div class="step-container" id="17"><div class="step-ref skipped">17</div><div class="step-indent"> </div><div class="step-cell skipped">Then status 400</div></div><div class="time-cell skipped">0</div></div><div class="step-row"><div class="step-container" id="18"><div class="step-ref skipped">18</div><div class="step-indent"> </div><div class="step-cell skipped">And def authResponseBody = response</div></div><div class="time-cell skipped">0</div></div><div class="step-row"><div class="step-container" id="19"><div class="step-ref skipped">19</div><div class="step-indent"> </div><div class="step-cell skipped">And def authResponseHeader = responseHeaders</div></div><div class="time-cell skipped">0</div></div><div class="step-row"><div class="step-container" id="6.2"><div class="step-ref failed">&gt;&gt;</div><div class="step-cell failed">[1] com/egov/core-services/tests/../../core-services/pretests/userAccountUnlockPretest.feature</div></div><div class="time-cell failed">6</div></div><div class="callarg-container" data-parent="6.2"><div class="step-ref"> </div><div class="preformatted">{
  "oauthPassword": "egov2"
}
</div></div><div class="step-row"><div class="step-container" id="20"><div class="step-ref passed">20</div><div class="step-indent"> </div><div class="step-cell passed">* configure headers = read('classpath:com/egov/utils/oauthTokenHeader.js')</div></div><div class="time-cell passed">1</div></div><div class="preformatted" data-parent="20">15:40:50.081 feature call (loop) failed at index: 0
caller: classpath:com/egov/core-services/tests/../../core-services/pretests/userAccountUnlockPretest.feature
arg: {"oauthPassword":"egov1"}
userAccountUnlockPretest.feature:9 - evaluation (js) failed: employeeSuperUserUserNme, javax.script.ScriptException: ReferenceError: "employeeSuperUserUserNme" is not defined in &lt;eval&gt; at line number 1
stack trace: jdk.nashorn.api.scripting.NashornScriptEngine.throwAsScriptException(NashornScriptEngine.java:470)</div><div class="step-row"><div class="step-container" id="21"><div class="step-ref passed">21</div><div class="step-indent"> </div><div class="step-cell passed">* def jsUtils = read('classpath:com/egov/utils/jsUtils.js')</div></div><div class="time-cell passed">3</div></div><div class="step-row"><div class="step-container" id="22"><div class="step-ref passed">22</div><div class="step-indent"> </div><div class="step-cell passed">Given url authTokenUrl</div></div><div class="time-cell passed">0</div></div><div class="step-row"><div class="step-container" id="23"><div class="step-ref failed">23</div><div class="step-indent"> </div><div class="step-cell failed">And form field username = employeeSuperUserUserNme</div></div><div class="time-cell failed">1</div></div><div class="preformatted" data-parent="23">userAccountUnlockPretest.feature:9 - evaluation (js) failed: employeeSuperUserUserNme, javax.script.ScriptException: ReferenceError: "employeeSuperUserUserNme" is not defined in &lt;eval&gt; at line number 1
stack trace: jdk.nashorn.api.scripting.NashornScriptEngine.throwAsScriptException(NashornScriptEngine.java:470)</div><div class="step-row"><div class="step-container" id="24"><div class="step-ref skipped">24</div><div class="step-indent"> </div><div class="step-cell skipped">And form field password = '#(oauthPassword)'</div></div><div class="time-cell skipped">0</div></div><div class="step-row"><div class="step-container" id="25"><div class="step-ref skipped">25</div><div class="step-indent"> </div><div class="step-cell skipped">And form field grant_type = 'password'</div></div><div class="time-cell skipped">0</div></div><div class="step-row"><div class="step-container" id="26"><div class="step-ref skipped">26</div><div class="step-indent"> </div><div class="step-cell skipped">And form field scope = 'read'</div></div><div class="time-cell skipped">0</div></div><div class="step-row"><div class="step-container" id="27"><div class="step-ref skipped">27</div><div class="step-indent"> </div><div class="step-cell skipped">And form field tenantId = tenantId</div></div><div class="time-cell skipped">0</div></div><div class="step-row"><div class="step-container" id="28"><div class="step-ref skipped">28</div><div class="step-indent"> </div><div class="step-cell skipped">And form field userType = employeeType</div></div><div class="time-cell skipped">0</div></div><div class="step-row"><div class="step-container" id="29"><div class="step-ref skipped">29</div><div class="step-indent"> </div><div class="step-cell skipped">When method post</div></div><div class="time-cell skipped">0</div></div><div class="step-row"><div class="step-container" id="30"><div class="step-ref skipped">30</div><div class="step-indent"> </div><div class="step-cell skipped">Then status 400</div></div><div class="time-cell skipped">0</div></div><div class="step-row"><div class="step-container" id="31"><div class="step-ref skipped">31</div><div class="step-indent"> </div><div class="step-cell skipped">And def authResponseBody = response</div></div><div class="time-cell skipped">0</div></div><div class="step-row"><div class="step-container" id="32"><div class="step-ref skipped">32</div><div class="step-indent"> </div><div class="step-cell skipped">And def authResponseHeader = responseHeaders</div></div><div class="time-cell skipped">0</div></div><div class="step-row"><div class="step-container" id="6.3"><div class="step-ref failed">&gt;&gt;</div><div class="step-cell failed">[2] com/egov/core-services/tests/../../core-services/pretests/userAccountUnlockPretest.feature</div></div><div class="time-cell failed">4</div></div><div class="callarg-container" data-parent="6.3"><div class="step-ref"> </div><div class="preformatted">{
  "oauthPassword": "egov3"
}
</div></div><div class="step-row"><div class="step-container" id="33"><div class="step-ref passed">33</div><div class="step-indent"> </div><div class="step-cell passed">* configure headers = read('classpath:com/egov/utils/oauthTokenHeader.js')</div></div><div class="time-cell passed">2</div></div><div class="preformatted" data-parent="33">15:40:50.088 feature call (loop) failed at index: 1
caller: classpath:com/egov/core-services/tests/../../core-services/pretests/userAccountUnlockPretest.feature
arg: {"oauthPassword":"egov2"}
userAccountUnlockPretest.feature:9 - evaluation (js) failed: employeeSuperUserUserNme, javax.script.ScriptException: ReferenceError: "employeeSuperUserUserNme" is not defined in &lt;eval&gt; at line number 1
stack trace: jdk.nashorn.api.scripting.NashornScriptEngine.throwAsScriptException(NashornScriptEngine.java:470)</div><div class="step-row"><div class="step-container" id="34"><div class="step-ref passed">34</div><div class="step-indent"> </div><div class="step-cell passed">* def jsUtils = read('classpath:com/egov/utils/jsUtils.js')</div></div><div class="time-cell passed">2</div></div><div class="step-row"><div class="step-container" id="35"><div class="step-ref passed">35</div><div class="step-indent"> </div><div class="step-cell passed">Given url authTokenUrl</div></div><div class="time-cell passed">0</div></div><div class="step-row"><div class="step-container" id="36"><div class="step-ref failed">36</div><div class="step-indent"> </div><div class="step-cell failed">And form field username = employeeSuperUserUserNme</div></div><div class="time-cell failed">1</div></div><div class="preformatted" data-parent="36">userAccountUnlockPretest.feature:9 - evaluation (js) failed: employeeSuperUserUserNme, javax.script.ScriptException: ReferenceError: "employeeSuperUserUserNme" is not defined in &lt;eval&gt; at line number 1
stack trace: jdk.nashorn.api.scripting.NashornScriptEngine.throwAsScriptException(NashornScriptEngine.java:470)</div><div class="step-row"><div class="step-container" id="37"><div class="step-ref skipped">37</div><div class="step-indent"> </div><div class="step-cell skipped">And form field password = '#(oauthPassword)'</div></div><div class="time-cell skipped">0</div></div><div class="step-row"><div class="step-container" id="38"><div class="step-ref skipped">38</div><div class="step-indent"> </div><div class="step-cell skipped">And form field grant_type = 'password'</div></div><div class="time-cell skipped">0</div></div><div class="step-row"><div class="step-container" id="39"><div class="step-ref skipped">39</div><div class="step-indent"> </div><div class="step-cell skipped">And form field scope = 'read'</div></div><div class="time-cell skipped">0</div></div><div class="step-row"><div class="step-container" id="40"><div class="step-ref skipped">40</div><div class="step-indent"> </div><div class="step-cell skipped">And form field tenantId = tenantId</div></div><div class="time-cell skipped">0</div></div><div class="step-row"><div class="step-container" id="41"><div class="step-ref skipped">41</div><div class="step-indent"> </div><div class="step-cell skipped">And form field userType = employeeType</div></div><div class="time-cell skipped">0</div></div><div class="step-row"><div class="step-container" id="42"><div class="step-ref skipped">42</div><div class="step-indent"> </div><div class="step-cell skipped">When method post</div></div><div class="time-cell skipped">0</div></div><div class="step-row"><div class="step-container" id="43"><div class="step-ref skipped">43</div><div class="step-indent"> </div><div class="step-cell skipped">Then status 400</div></div><div class="time-cell skipped">0</div></div><div class="step-row"><div class="step-container" id="44"><div class="step-ref skipped">44</div><div class="step-indent"> </div><div class="step-cell skipped">And def authResponseBody = response</div></div><div class="time-cell skipped">0</div></div><div class="step-row"><div class="step-container" id="45"><div class="step-ref skipped">45</div><div class="step-indent"> </div><div class="step-cell skipped">And def authResponseHeader = responseHeaders</div></div><div class="time-cell skipped">0</div></div><div class="step-row"><div class="step-container" id="6.4"><div class="step-ref failed">&gt;&gt;</div><div class="step-cell failed">[3] com/egov/core-services/tests/../../core-services/pretests/userAccountUnlockPretest.feature</div></div><div class="time-cell failed">4</div></div><div class="callarg-container" data-parent="6.4"><div class="step-ref"> </div><div class="preformatted">{
  "oauthPassword": "egov11"
}
</div></div><div class="step-row"><div class="step-container" id="46"><div class="step-ref passed">46</div><div class="step-indent"> </div><div class="step-cell passed">* configure headers = read('classpath:com/egov/utils/oauthTokenHeader.js')</div></div><div class="time-cell passed">1</div></div><div class="preformatted" data-parent="46">15:40:50.093 feature call (loop) failed at index: 2
caller: classpath:com/egov/core-services/tests/../../core-services/pretests/userAccountUnlockPretest.feature
arg: {"oauthPassword":"egov3"}
userAccountUnlockPretest.feature:9 - evaluation (js) failed: employeeSuperUserUserNme, javax.script.ScriptException: ReferenceError: "employeeSuperUserUserNme" is not defined in &lt;eval&gt; at line number 1
stack trace: jdk.nashorn.api.scripting.NashornScriptEngine.throwAsScriptException(NashornScriptEngine.java:470)</div><div class="step-row"><div class="step-container" id="47"><div class="step-ref passed">47</div><div class="step-indent"> </div><div class="step-cell passed">* def jsUtils = read('classpath:com/egov/utils/jsUtils.js')</div></div><div class="time-cell passed">2</div></div><div class="step-row"><div class="step-container" id="48"><div class="step-ref passed">48</div><div class="step-indent"> </div><div class="step-cell passed">Given url authTokenUrl</div></div><div class="time-cell passed">0</div></div><div class="step-row"><div class="step-container" id="49"><div class="step-ref failed">49</div><div class="step-indent"> </div><div class="step-cell failed">And form field username = employeeSuperUserUserNme</div></div><div class="time-cell failed">1</div></div><div class="preformatted" data-parent="49">userAccountUnlockPretest.feature:9 - evaluation (js) failed: employeeSuperUserUserNme, javax.script.ScriptException: ReferenceError: "employeeSuperUserUserNme" is not defined in &lt;eval&gt; at line number 1
stack trace: jdk.nashorn.api.scripting.NashornScriptEngine.throwAsScriptException(NashornScriptEngine.java:470)</div><div class="step-row"><div class="step-container" id="50"><div class="step-ref skipped">50</div><div class="step-indent"> </div><div class="step-cell skipped">And form field password = '#(oauthPassword)'</div></div><div class="time-cell skipped">0</div></div><div class="step-row"><div class="step-container" id="51"><div class="step-ref skipped">51</div><div class="step-indent"> </div><div class="step-cell skipped">And form field grant_type = 'password'</div></div><div class="time-cell skipped">0</div></div><div class="step-row"><div class="step-container" id="52"><div class="step-ref skipped">52</div><div class="step-indent"> </div><div class="step-cell skipped">And form field scope = 'read'</div></div><div class="time-cell skipped">0</div></div><div class="step-row"><div class="step-container" id="53"><div class="step-ref skipped">53</div><div class="step-indent"> </div><div class="step-cell skipped">And form field tenantId = tenantId</div></div><div class="time-cell skipped">0</div></div><div class="step-row"><div class="step-container" id="54"><div class="step-ref skipped">54</div><div class="step-indent"> </div><div class="step-cell skipped">And form field userType = employeeType</div></div><div class="time-cell skipped">0</div></div><div class="step-row"><div class="step-container" id="55"><div class="step-ref skipped">55</div><div class="step-indent"> </div><div class="step-cell skipped">When method post</div></div><div class="time-cell skipped">0</div></div><div class="step-row"><div class="step-container" id="56"><div class="step-ref skipped">56</div><div class="step-indent"> </div><div class="step-cell skipped">Then status 400</div></div><div class="time-cell skipped">0</div></div><div class="step-row"><div class="step-container" id="57"><div class="step-ref skipped">57</div><div class="step-indent"> </div><div class="step-cell skipped">And def authResponseBody = response</div></div><div class="time-cell skipped">0</div></div><div class="step-row"><div class="step-container" id="58"><div class="step-ref skipped">58</div><div class="step-indent"> </div><div class="step-cell skipped">And def authResponseHeader = responseHeaders</div></div><div class="time-cell skipped">0</div></div><div class="step-row"><div class="step-container" id="6.5"><div class="step-ref failed">&gt;&gt;</div><div class="step-cell failed">[4] com/egov/core-services/tests/../../core-services/pretests/userAccountUnlockPretest.feature</div></div><div class="time-cell failed">6</div></div><div class="callarg-container" data-parent="6.5"><div class="step-ref"> </div><div class="preformatted">{
  "oauthPassword": "egov12"
}
</div></div><div class="step-row"><div class="step-container" id="59"><div class="step-ref passed">59</div><div class="step-indent"> </div><div class="step-cell passed">* configure headers = read('classpath:com/egov/utils/oauthTokenHeader.js')</div></div><div class="time-cell passed">1</div></div><div class="preformatted" data-parent="59">15:40:50.099 feature call (loop) failed at index: 3
caller: classpath:com/egov/core-services/tests/../../core-services/pretests/userAccountUnlockPretest.feature
arg: {"oauthPassword":"egov11"}
userAccountUnlockPretest.feature:9 - evaluation (js) failed: employeeSuperUserUserNme, javax.script.ScriptException: ReferenceError: "employeeSuperUserUserNme" is not defined in &lt;eval&gt; at line number 1
stack trace: jdk.nashorn.api.scripting.NashornScriptEngine.throwAsScriptException(NashornScriptEngine.java:470)</div><div class="step-row"><div class="step-container" id="60"><div class="step-ref passed">60</div><div class="step-indent"> </div><div class="step-cell passed">* def jsUtils = read('classpath:com/egov/utils/jsUtils.js')</div></div><div class="time-cell passed">4</div></div><div class="step-row"><div class="step-container" id="61"><div class="step-ref passed">61</div><div class="step-indent"> </div><div class="step-cell passed">Given url authTokenUrl</div></div><div class="time-cell passed">0</div></div><div class="step-row"><div class="step-container" id="62"><div class="step-ref failed">62</div><div class="step-indent"> </div><div class="step-cell failed">And form field username = employeeSuperUserUserNme</div></div><div class="time-cell failed">1</div></div><div class="preformatted" data-parent="62">userAccountUnlockPretest.feature:9 - evaluation (js) failed: employeeSuperUserUserNme, javax.script.ScriptException: ReferenceError: "employeeSuperUserUserNme" is not defined in &lt;eval&gt; at line number 1
stack trace: jdk.nashorn.api.scripting.NashornScriptEngine.throwAsScriptException(NashornScriptEngine.java:470)</div><div class="step-row"><div class="step-container" id="63"><div class="step-ref skipped">63</div><div class="step-indent"> </div><div class="step-cell skipped">And form field password = '#(oauthPassword)'</div></div><div class="time-cell skipped">0</div></div><div class="step-row"><div class="step-container" id="64"><div class="step-ref skipped">64</div><div class="step-indent"> </div><div class="step-cell skipped">And form field grant_type = 'password'</div></div><div class="time-cell skipped">0</div></div><div class="step-row"><div class="step-container" id="65"><div class="step-ref skipped">65</div><div class="step-indent"> </div><div class="step-cell skipped">And form field scope = 'read'</div></div><div class="time-cell skipped">0</div></div><div class="step-row"><div class="step-container" id="66"><div class="step-ref skipped">66</div><div class="step-indent"> </div><div class="step-cell skipped">And form field tenantId = tenantId</div></div><div class="time-cell skipped">0</div></div><div class="step-row"><div class="step-container" id="67"><div class="step-ref skipped">67</div><div class="step-indent"> </div><div class="step-cell skipped">And form field userType = employeeType</div></div><div class="time-cell skipped">0</div></div><div class="step-row"><div class="step-container" id="68"><div class="step-ref skipped">68</div><div class="step-indent"> </div><div class="step-cell skipped">When method post</div></div><div class="time-cell skipped">0</div></div><div class="step-row"><div class="step-container" id="69"><div class="step-ref skipped">69</div><div class="step-indent"> </div><div class="step-cell skipped">Then status 400</div></div><div class="time-cell skipped">0</div></div><div class="step-row"><div class="step-container" id="70"><div class="step-ref skipped">70</div><div class="step-indent"> </div><div class="step-cell skipped">And def authResponseBody = response</div></div><div class="time-cell skipped">0</div></div><div class="step-row"><div class="step-container" id="71"><div class="step-ref skipped">71</div><div class="step-indent"> </div><div class="step-cell skipped">And def authResponseHeader = responseHeaders</div></div><div class="time-cell skipped">0</div></div><div class="step-row"><div class="step-container" id="72"><div class="step-ref skipped">72</div><div class="step-cell skipped">* def accountLockError = $result[*].authResponseBody</div></div><div class="time-cell skipped">0</div></div></div><div class="scenario"><div class="scenario-heading" id="[2:19]"><div class="heading-container"><div class="scenario-tags"><a class="badge badge-primary" href="karate-tags.html">userAccountAfterLock</a><a class="badge badge-primary" href="karate-tags.html">regression</a><a class="badge badge-primary" href="karate-tags.html">ignore</a><a class="badge badge-primary" href="karate-tags.html">coreServices</a></div><span class="scenario-keyword">Scenario: [2:19]</span><span class="scenario-name">Verify the user Account is UnLocked after 1 hour from account locked time </span></div><div class="scenario-time failed">ms: 5</div></div><div class="step-row"><div class="step-container" id="[2:19]bg"><div class="step-ref bg-step">&gt;&gt;</div><div class="step-cell passed">Background:</div></div><div class="time-cell passed"></div></div><div class="step-row" data-parent="[2:19]bg"><div class="step-container" id="73"><div class="step-ref bg-step">73</div><div class="step-cell passed">* configure headers = read('classpath:com/egov/utils/websCommonHeaders.js')</div></div><div class="time-cell passed">1</div></div><div class="preformatted" data-parent="73">15:40:50.117 karate.env:  
15:40:50.117 locale: en_IN 
15:40:50.117 tenantId: pb.amritsar</div><div class="step-row" data-parent="[2:19]bg"><div class="step-container" id="74"><div class="step-ref bg-step">74</div><div class="step-cell passed">* def jsUtils = read('classpath:com/egov/utils/jsUtils.js')</div></div><div class="time-cell passed">2</div></div><div class="step-row" data-parent="[2:19]bg"><div class="step-container" id="75"><div class="step-ref bg-step">75</div><div class="step-cell passed">* def userConstant = read('../../core-services/constants/user.yaml')</div></div><div class="time-cell passed">1</div></div><div class="step-row"><div class="step-container" id="76"><div class="step-ref failed">76</div><div class="step-cell failed">* call waitTimeSec(1800)</div></div><div class="time-cell failed">2</div></div><div class="preformatted" data-parent="76">userAccount.feature:20 - evaluation (js) failed: waitTimeSec(1800), javax.script.ScriptException: ReferenceError: "waitTimeSec" is not defined in &lt;eval&gt; at line number 1
stack trace: jdk.nashorn.api.scripting.NashornScriptEngine.throwAsScriptException(NashornScriptEngine.java:470)</div><div class="step-row"><div class="step-container" id="77"><div class="step-ref skipped">77</div><div class="step-cell skipped">* call read('../../core-services/pretests/userAccountUnlockPretest.feature@acountUnlockSuccess')</div></div><div class="time-cell skipped">0</div></div></div><div class="scenario"><div class="scenario-heading" id="[3:24]"><div class="heading-container"><div class="scenario-tags"><a class="badge badge-primary" href="karate-tags.html">userAccountAfterLock</a><a class="badge badge-primary" href="karate-tags.html">regression</a><a class="badge badge-primary" href="karate-tags.html">coreServices</a><a class="badge badge-primary" href="karate-tags.html">User_AccountAfterLock_03</a></div><span class="scenario-keyword">Scenario: [3:24]</span><span class="scenario-name">Verify user account after same account is locked by giving valid credentials </span></div><div class="scenario-time failed">ms: 92</div></div><div class="step-row"><div class="step-container" id="[3:24]bg"><div class="step-ref bg-step">&gt;&gt;</div><div class="step-cell passed">Background:</div></div><div class="time-cell passed"></div></div><div class="step-row" data-parent="[3:24]bg"><div class="step-container" id="78"><div class="step-ref bg-step">78</div><div class="step-cell passed">* configure headers = read('classpath:com/egov/utils/websCommonHeaders.js')</div></div><div class="time-cell passed">1</div></div><div class="preformatted" data-parent="78">15:40:50.132 karate.env:  
15:40:50.132 locale: en_IN 
15:40:50.133 tenantId: pb.amritsar</div><div class="step-row" data-parent="[3:24]bg"><div class="step-container" id="79"><div class="step-ref bg-step">79</div><div class="step-cell passed">* def jsUtils = read('classpath:com/egov/utils/jsUtils.js')</div></div><div class="time-cell passed">3</div></div><div class="step-row" data-parent="[3:24]bg"><div class="step-container" id="80"><div class="step-ref bg-step">80</div><div class="step-cell passed">* def userConstant = read('../../core-services/constants/user.yaml')</div></div><div class="time-cell passed">2</div></div><div class="step-row"><div class="step-container"><div class="step-ref passed"></div><div class="step-cell comment"># call account lock feature</div></div><div class="time-cell comment"></div></div><div class="step-row"><div class="step-container" id="81"><div class="step-ref passed">81</div><div class="step-cell passed">* def invalidPswToLock = read('../../core-services/pretests/userAccountUnlockPretest.feature@invalidPasswordError')</div></div><div class="time-cell passed">1</div></div><div class="step-row"><div class="step-container" id="82"><div class="step-ref passed">82</div><div class="step-cell passed">* def invalidPswPayload = read('../../core-services/requestPayload/user/oauthInvalidPassword.json')</div></div><div class="time-cell passed">1</div></div><div class="step-row"><div class="step-container" id="83"><div class="step-ref failed">83</div><div class="step-cell failed">* def result = call invalidPswToLock invalidPswPayload</div></div><div class="time-cell failed">83</div></div><div class="preformatted" data-parent="83">15:40:50.230 feature call (loop) failed at index: 4
caller: classpath:com/egov/core-services/tests/../../core-services/pretests/userAccountUnlockPretest.feature
arg: {"oauthPassword":"egov12"}
userAccountUnlockPretest.feature:9 - evaluation (js) failed: employeeSuperUserUserNme, javax.script.ScriptException: ReferenceError: "employeeSuperUserUserNme" is not defined in &lt;eval&gt; at line number 1
stack trace: jdk.nashorn.api.scripting.NashornScriptEngine.throwAsScriptException(NashornScriptEngine.java:470)
userAccount.feature:30 - feature call (loop) failed: classpath:com/egov/core-services/tests/../../core-services/pretests/userAccountUnlockPretest.feature
caller: classpath:com/egov/core-services/tests/userAccount.feature
items: [{"oauthPassword":"egov1"},{"oauthPassword":"egov2"},{"oauthPassword":"egov3"},{"oauthPassword":"egov11"},{"oauthPassword":"egov12"}]
errors:
-------
feature call (loop) failed at index: 0
caller: classpath:com/egov/core-services/tests/../../core-services/pretests/userAccountUnlockPretest.feature
arg: {"oauthPassword":"egov1"}
userAccountUnlockPretest.feature:9 - evaluation (js) failed: employeeSuperUserUserNme, javax.script.ScriptException: ReferenceError: "employeeSuperUserUserNme" is not defined in &lt;eval&gt; at line number 1
stack trace: jdk.nashorn.api.scripting.NashornScriptEngine.throwAsScriptException(NashornScriptEngine.java:470)
-------
feature call (loop) failed at index: 1
caller: classpath:com/egov/core-services/tests/../../core-services/pretests/userAccountUnlockPretest.feature
arg: {"oauthPassword":"egov2"}
userAccountUnlockPretest.feature:9 - evaluation (js) failed: employeeSuperUserUserNme, javax.script.ScriptException: ReferenceError: "employeeSuperUserUserNme" is not defined in &lt;eval&gt; at line number 1
stack trace: jdk.nashorn.api.scripting.NashornScriptEngine.throwAsScriptException(NashornScriptEngine.java:470)
-------
feature call (loop) failed at index: 2
caller: classpath:com/egov/core-services/tests/../../core-services/pretests/userAccountUnlockPretest.feature
arg: {"oauthPassword":"egov3"}
userAccountUnlockPretest.feature:9 - evaluation (js) failed: employeeSuperUserUserNme, javax.script.ScriptException: ReferenceError: "employeeSuperUserUserNme" is not defined in &lt;eval&gt; at line number 1
stack trace: jdk.nashorn.api.scripting.NashornScriptEngine.throwAsScriptException(NashornScriptEngine.java:470)
-------
feature call (loop) failed at index: 3
caller: classpath:com/egov/core-services/tests/../../core-services/pretests/userAccountUnlockPretest.feature
arg: {"oauthPassword":"egov11"}
userAccountUnlockPretest.feature:9 - evaluation (js) failed: employeeSuperUserUserNme, javax.script.ScriptException: ReferenceError: "employeeSuperUserUserNme" is not defined in &lt;eval&gt; at line number 1
stack trace: jdk.nashorn.api.scripting.NashornScriptEngine.throwAsScriptException(NashornScriptEngine.java:470)
-------
feature call (loop) failed at index: 4
caller: classpath:com/egov/core-services/tests/../../core-services/pretests/userAccountUnlockPretest.feature
arg: {"oauthPassword":"egov12"}
userAccountUnlockPretest.feature:9 - evaluation (js) failed: employeeSuperUserUserNme, javax.script.ScriptException: ReferenceError: "employeeSuperUserUserNme" is not defined in &lt;eval&gt; at line number 1
stack trace: jdk.nashorn.api.scripting.NashornScriptEngine.throwAsScriptException(NashornScriptEngine.java:470)</div><div class="step-row"><div class="step-container" id="83.1"><div class="step-ref failed">&gt;&gt;</div><div class="step-cell failed">[0] com/egov/core-services/tests/../../core-services/pretests/userAccountUnlockPretest.feature</div></div><div class="time-cell failed">13</div></div><div class="callarg-container" data-parent="83.1"><div class="step-ref"> </div><div class="preformatted">{
  "oauthPassword": "egov1"
}
</div></div><div class="step-row"><div class="step-container" id="84"><div class="step-ref passed">84</div><div class="step-indent"> </div><div class="step-cell passed">* configure headers = read('classpath:com/egov/utils/oauthTokenHeader.js')</div></div><div class="time-cell passed">6</div></div><div class="step-row"><div class="step-container" id="85"><div class="step-ref passed">85</div><div class="step-indent"> </div><div class="step-cell passed">* def jsUtils = read('classpath:com/egov/utils/jsUtils.js')</div></div><div class="time-cell passed">5</div></div><div class="step-row"><div class="step-container" id="86"><div class="step-ref passed">86</div><div class="step-indent"> </div><div class="step-cell passed">Given url authTokenUrl</div></div><div class="time-cell passed">0</div></div><div class="step-row"><div class="step-container" id="87"><div class="step-ref failed">87</div><div class="step-indent"> </div><div class="step-cell failed">And form field username = employeeSuperUserUserNme</div></div><div class="time-cell failed">2</div></div><div class="preformatted" data-parent="87">userAccountUnlockPretest.feature:9 - evaluation (js) failed: employeeSuperUserUserNme, javax.script.ScriptException: ReferenceError: "employeeSuperUserUserNme" is not defined in &lt;eval&gt; at line number 1
stack trace: jdk.nashorn.api.scripting.NashornScriptEngine.throwAsScriptException(NashornScriptEngine.java:470)</div><div class="step-row"><div class="step-container" id="88"><div class="step-ref skipped">88</div><div class="step-indent"> </div><div class="step-cell skipped">And form field password = '#(oauthPassword)'</div></div><div class="time-cell skipped">0</div></div><div class="step-row"><div class="step-container" id="89"><div class="step-ref skipped">89</div><div class="step-indent"> </div><div class="step-cell skipped">And form field grant_type = 'password'</div></div><div class="time-cell skipped">0</div></div><div class="step-row"><div class="step-container" id="90"><div class="step-ref skipped">90</div><div class="step-indent"> </div><div class="step-cell skipped">And form field scope = 'read'</div></div><div class="time-cell skipped">0</div></div><div class="step-row"><div class="step-container" id="91"><div class="step-ref skipped">91</div><div class="step-indent"> </div><div class="step-cell skipped">And form field tenantId = tenantId</div></div><div class="time-cell skipped">0</div></div><div class="step-row"><div class="step-container" id="92"><div class="step-ref skipped">92</div><div class="step-indent"> </div><div class="step-cell skipped">And form field userType = employeeType</div></div><div class="time-cell skipped">0</div></div><div class="step-row"><div class="step-container" id="93"><div class="step-ref skipped">93</div><div class="step-indent"> </div><div class="step-cell skipped">When method post</div></div><div class="time-cell skipped">0</div></div><div class="step-row"><div class="step-container" id="94"><div class="step-ref skipped">94</div><div class="step-indent"> </div><div class="step-cell skipped">Then status 400</div></div><div class="time-cell skipped">0</div></div><div class="step-row"><div class="step-container" id="95"><div class="step-ref skipped">95</div><div class="step-indent"> </div><div class="step-cell skipped">And def authResponseBody = response</div></div><div class="time-cell skipped">0</div></div><div class="step-row"><div class="step-container" id="96"><div class="step-ref skipped">96</div><div class="step-indent"> </div><div class="step-cell skipped">And def authResponseHeader = responseHeaders</div></div><div class="time-cell skipped">0</div></div><div class="step-row"><div class="step-container" id="83.2"><div class="step-ref failed">&gt;&gt;</div><div class="step-cell failed">[1] com/egov/core-services/tests/../../core-services/pretests/userAccountUnlockPretest.feature</div></div><div class="time-cell failed">4</div></div><div class="callarg-container" data-parent="83.2"><div class="step-ref"> </div><div class="preformatted">{
  "oauthPassword": "egov2"
}
</div></div><div class="step-row"><div class="step-container" id="97"><div class="step-ref passed">97</div><div class="step-indent"> </div><div class="step-cell passed">* configure headers = read('classpath:com/egov/utils/oauthTokenHeader.js')</div></div><div class="time-cell passed">1</div></div><div class="preformatted" data-parent="97">15:40:50.177 feature call (loop) failed at index: 0
caller: classpath:com/egov/core-services/tests/../../core-services/pretests/userAccountUnlockPretest.feature
arg: {"oauthPassword":"egov1"}
userAccountUnlockPretest.feature:9 - evaluation (js) failed: employeeSuperUserUserNme, javax.script.ScriptException: ReferenceError: "employeeSuperUserUserNme" is not defined in &lt;eval&gt; at line number 1
stack trace: jdk.nashorn.api.scripting.NashornScriptEngine.throwAsScriptException(NashornScriptEngine.java:470)</div><div class="step-row"><div class="step-container" id="98"><div class="step-ref passed">98</div><div class="step-indent"> </div><div class="step-cell passed">* def jsUtils = read('classpath:com/egov/utils/jsUtils.js')</div></div><div class="time-cell passed">2</div></div><div class="step-row"><div class="step-container" id="99"><div class="step-ref passed">99</div><div class="step-indent"> </div><div class="step-cell passed">Given url authTokenUrl</div></div><div class="time-cell passed">0</div></div><div class="step-row"><div class="step-container" id="100"><div class="step-ref failed">100</div><div class="step-indent"> </div><div class="step-cell failed">And form field username = employeeSuperUserUserNme</div></div><div class="time-cell failed">1</div></div><div class="preformatted" data-parent="100">userAccountUnlockPretest.feature:9 - evaluation (js) failed: employeeSuperUserUserNme, javax.script.ScriptException: ReferenceError: "employeeSuperUserUserNme" is not defined in &lt;eval&gt; at line number 1
stack trace: jdk.nashorn.api.scripting.NashornScriptEngine.throwAsScriptException(NashornScriptEngine.java:470)</div><div class="step-row"><div class="step-container" id="101"><div class="step-ref skipped">101</div><div class="step-indent"> </div><div class="step-cell skipped">And form field password = '#(oauthPassword)'</div></div><div class="time-cell skipped">0</div></div><div class="step-row"><div class="step-container" id="102"><div class="step-ref skipped">102</div><div class="step-indent"> </div><div class="step-cell skipped">And form field grant_type = 'password'</div></div><div class="time-cell skipped">0</div></div><div class="step-row"><div class="step-container" id="103"><div class="step-ref skipped">103</div><div class="step-indent"> </div><div class="step-cell skipped">And form field scope = 'read'</div></div><div class="time-cell skipped">0</div></div><div class="step-row"><div class="step-container" id="104"><div class="step-ref skipped">104</div><div class="step-indent"> </div><div class="step-cell skipped">And form field tenantId = tenantId</div></div><div class="time-cell skipped">0</div></div><div class="step-row"><div class="step-container" id="105"><div class="step-ref skipped">105</div><div class="step-indent"> </div><div class="step-cell skipped">And form field userType = employeeType</div></div><div class="time-cell skipped">0</div></div><div class="step-row"><div class="step-container" id="106"><div class="step-ref skipped">106</div><div class="step-indent"> </div><div class="step-cell skipped">When method post</div></div><div class="time-cell skipped">0</div></div><div class="step-row"><div class="step-container" id="107"><div class="step-ref skipped">107</div><div class="step-indent"> </div><div class="step-cell skipped">Then status 400</div></div><div class="time-cell skipped">0</div></div><div class="step-row"><div class="step-container" id="108"><div class="step-ref skipped">108</div><div class="step-indent"> </div><div class="step-cell skipped">And def authResponseBody = response</div></div><div class="time-cell skipped">0</div></div><div class="step-row"><div class="step-container" id="109"><div class="step-ref skipped">109</div><div class="step-indent"> </div><div class="step-cell skipped">And def authResponseHeader = responseHeaders</div></div><div class="time-cell skipped">0</div></div><div class="step-row"><div class="step-container" id="83.3"><div class="step-ref failed">&gt;&gt;</div><div class="step-cell failed">[2] com/egov/core-services/tests/../../core-services/pretests/userAccountUnlockPretest.feature</div></div><div class="time-cell failed">4</div></div><div class="callarg-container" data-parent="83.3"><div class="step-ref"> </div><div class="preformatted">{
  "oauthPassword": "egov3"
}
</div></div><div class="step-row"><div class="step-container" id="110"><div class="step-ref passed">110</div><div class="step-indent"> </div><div class="step-cell passed">* configure headers = read('classpath:com/egov/utils/oauthTokenHeader.js')</div></div><div class="time-cell passed">1</div></div><div class="preformatted" data-parent="110">15:40:50.195 feature call (loop) failed at index: 1
caller: classpath:com/egov/core-services/tests/../../core-services/pretests/userAccountUnlockPretest.feature
arg: {"oauthPassword":"egov2"}
userAccountUnlockPretest.feature:9 - evaluation (js) failed: employeeSuperUserUserNme, javax.script.ScriptException: ReferenceError: "employeeSuperUserUserNme" is not defined in &lt;eval&gt; at line number 1
stack trace: jdk.nashorn.api.scripting.NashornScriptEngine.throwAsScriptException(NashornScriptEngine.java:470)</div><div class="step-row"><div class="step-container" id="111"><div class="step-ref passed">111</div><div class="step-indent"> </div><div class="step-cell passed">* def jsUtils = read('classpath:com/egov/utils/jsUtils.js')</div></div><div class="time-cell passed">2</div></div><div class="step-row"><div class="step-container" id="112"><div class="step-ref passed">112</div><div class="step-indent"> </div><div class="step-cell passed">Given url authTokenUrl</div></div><div class="time-cell passed">0</div></div><div class="step-row"><div class="step-container" id="113"><div class="step-ref failed">113</div><div class="step-indent"> </div><div class="step-cell failed">And form field username = employeeSuperUserUserNme</div></div><div class="time-cell failed">1</div></div><div class="preformatted" data-parent="113">userAccountUnlockPretest.feature:9 - evaluation (js) failed: employeeSuperUserUserNme, javax.script.ScriptException: ReferenceError: "employeeSuperUserUserNme" is not defined in &lt;eval&gt; at line number 1
stack trace: jdk.nashorn.api.scripting.NashornScriptEngine.throwAsScriptException(NashornScriptEngine.java:470)</div><div class="step-row"><div class="step-container" id="114"><div class="step-ref skipped">114</div><div class="step-indent"> </div><div class="step-cell skipped">And form field password = '#(oauthPassword)'</div></div><div class="time-cell skipped">0</div></div><div class="step-row"><div class="step-container" id="115"><div class="step-ref skipped">115</div><div class="step-indent"> </div><div class="step-cell skipped">And form field grant_type = 'password'</div></div><div class="time-cell skipped">0</div></div><div class="step-row"><div class="step-container" id="116"><div class="step-ref skipped">116</div><div class="step-indent"> </div><div class="step-cell skipped">And form field scope = 'read'</div></div><div class="time-cell skipped">0</div></div><div class="step-row"><div class="step-container" id="117"><div class="step-ref skipped">117</div><div class="step-indent"> </div><div class="step-cell skipped">And form field tenantId = tenantId</div></div><div class="time-cell skipped">0</div></div><div class="step-row"><div class="step-container" id="118"><div class="step-ref skipped">118</div><div class="step-indent"> </div><div class="step-cell skipped">And form field userType = employeeType</div></div><div class="time-cell skipped">0</div></div><div class="step-row"><div class="step-container" id="119"><div class="step-ref skipped">119</div><div class="step-indent"> </div><div class="step-cell skipped">When method post</div></div><div class="time-cell skipped">0</div></div><div class="step-row"><div class="step-container" id="120"><div class="step-ref skipped">120</div><div class="step-indent"> </div><div class="step-cell skipped">Then status 400</div></div><div class="time-cell skipped">0</div></div><div class="step-row"><div class="step-container" id="121"><div class="step-ref skipped">121</div><div class="step-indent"> </div><div class="step-cell skipped">And def authResponseBody = response</div></div><div class="time-cell skipped">0</div></div><div class="step-row"><div class="step-container" id="122"><div class="step-ref skipped">122</div><div class="step-indent"> </div><div class="step-cell skipped">And def authResponseHeader = responseHeaders</div></div><div class="time-cell skipped">0</div></div><div class="step-row"><div class="step-container" id="83.4"><div class="step-ref failed">&gt;&gt;</div><div class="step-cell failed">[3] com/egov/core-services/tests/../../core-services/pretests/userAccountUnlockPretest.feature</div></div><div class="time-cell failed">8</div></div><div class="callarg-container" data-parent="83.4"><div class="step-ref"> </div><div class="preformatted">{
  "oauthPassword": "egov11"
}
</div></div><div class="step-row"><div class="step-container" id="123"><div class="step-ref passed">123</div><div class="step-indent"> </div><div class="step-cell passed">* configure headers = read('classpath:com/egov/utils/oauthTokenHeader.js')</div></div><div class="time-cell passed">4</div></div><div class="preformatted" data-parent="123">15:40:50.202 feature call (loop) failed at index: 2
caller: classpath:com/egov/core-services/tests/../../core-services/pretests/userAccountUnlockPretest.feature
arg: {"oauthPassword":"egov3"}
userAccountUnlockPretest.feature:9 - evaluation (js) failed: employeeSuperUserUserNme, javax.script.ScriptException: ReferenceError: "employeeSuperUserUserNme" is not defined in &lt;eval&gt; at line number 1
stack trace: jdk.nashorn.api.scripting.NashornScriptEngine.throwAsScriptException(NashornScriptEngine.java:470)</div><div class="step-row"><div class="step-container" id="124"><div class="step-ref passed">124</div><div class="step-indent"> </div><div class="step-cell passed">* def jsUtils = read('classpath:com/egov/utils/jsUtils.js')</div></div><div class="time-cell passed">3</div></div><div class="step-row"><div class="step-container" id="125"><div class="step-ref passed">125</div><div class="step-indent"> </div><div class="step-cell passed">Given url authTokenUrl</div></div><div class="time-cell passed">0</div></div><div class="step-row"><div class="step-container" id="126"><div class="step-ref failed">126</div><div class="step-indent"> </div><div class="step-cell failed">And form field username = employeeSuperUserUserNme</div></div><div class="time-cell failed">1</div></div><div class="preformatted" data-parent="126">userAccountUnlockPretest.feature:9 - evaluation (js) failed: employeeSuperUserUserNme, javax.script.ScriptException: ReferenceError: "employeeSuperUserUserNme" is not defined in &lt;eval&gt; at line number 1
stack trace: jdk.nashorn.api.scripting.NashornScriptEngine.throwAsScriptException(NashornScriptEngine.java:470)</div><div class="step-row"><div class="step-container" id="127"><div class="step-ref skipped">127</div><div class="step-indent"> </div><div class="step-cell skipped">And form field password = '#(oauthPassword)'</div></div><div class="time-cell skipped">0</div></div><div class="step-row"><div class="step-container" id="128"><div class="step-ref skipped">128</div><div class="step-indent"> </div><div class="step-cell skipped">And form field grant_type = 'password'</div></div><div class="time-cell skipped">0</div></div><div class="step-row"><div class="step-container" id="129"><div class="step-ref skipped">129</div><div class="step-indent"> </div><div class="step-cell skipped">And form field scope = 'read'</div></div><div class="time-cell skipped">0</div></div><div class="step-row"><div class="step-container" id="130"><div class="step-ref skipped">130</div><div class="step-indent"> </div><div class="step-cell skipped">And form field tenantId = tenantId</div></div><div class="time-cell skipped">0</div></div><div class="step-row"><div class="step-container" id="131"><div class="step-ref skipped">131</div><div class="step-indent"> </div><div class="step-cell skipped">And form field userType = employeeType</div></div><div class="time-cell skipped">0</div></div><div class="step-row"><div class="step-container" id="132"><div class="step-ref skipped">132</div><div class="step-indent"> </div><div class="step-cell skipped">When method post</div></div><div class="time-cell skipped">0</div></div><div class="step-row"><div class="step-container" id="133"><div class="step-ref skipped">133</div><div class="step-indent"> </div><div class="step-cell skipped">Then status 400</div></div><div class="time-cell skipped">0</div></div><div class="step-row"><div class="step-container" id="134"><div class="step-ref skipped">134</div><div class="step-indent"> </div><div class="step-cell skipped">And def authResponseBody = response</div></div><div class="time-cell skipped">0</div></div><div class="step-row"><div class="step-container" id="135"><div class="step-ref skipped">135</div><div class="step-indent"> </div><div class="step-cell skipped">And def authResponseHeader = responseHeaders</div></div><div class="time-cell skipped">0</div></div><div class="step-row"><div class="step-container" id="83.5"><div class="step-ref failed">&gt;&gt;</div><div class="step-cell failed">[4] com/egov/core-services/tests/../../core-services/pretests/userAccountUnlockPretest.feature</div></div><div class="time-cell failed">9</div></div><div class="callarg-container" data-parent="83.5"><div class="step-ref"> </div><div class="preformatted">{
  "oauthPassword": "egov12"
}
</div></div><div class="step-row"><div class="step-container" id="136"><div class="step-ref passed">136</div><div class="step-indent"> </div><div class="step-cell passed">* configure headers = read('classpath:com/egov/utils/oauthTokenHeader.js')</div></div><div class="time-cell passed">6</div></div><div class="preformatted" data-parent="136">15:40:50.218 feature call (loop) failed at index: 3
caller: classpath:com/egov/core-services/tests/../../core-services/pretests/userAccountUnlockPretest.feature
arg: {"oauthPassword":"egov11"}
userAccountUnlockPretest.feature:9 - evaluation (js) failed: employeeSuperUserUserNme, javax.script.ScriptException: ReferenceError: "employeeSuperUserUserNme" is not defined in &lt;eval&gt; at line number 1
stack trace: jdk.nashorn.api.scripting.NashornScriptEngine.throwAsScriptException(NashornScriptEngine.java:470)</div><div class="step-row"><div class="step-container" id="137"><div class="step-ref passed">137</div><div class="step-indent"> </div><div class="step-cell passed">* def jsUtils = read('classpath:com/egov/utils/jsUtils.js')</div></div><div class="time-cell passed">3</div></div><div class="step-row"><div class="step-container" id="138"><div class="step-ref passed">138</div><div class="step-indent"> </div><div class="step-cell passed">Given url authTokenUrl</div></div><div class="time-cell passed">0</div></div><div class="step-row"><div class="step-container" id="139"><div class="step-ref failed">139</div><div class="step-indent"> </div><div class="step-cell failed">And form field username = employeeSuperUserUserNme</div></div><div class="time-cell failed">0</div></div><div class="preformatted" data-parent="139">userAccountUnlockPretest.feature:9 - evaluation (js) failed: employeeSuperUserUserNme, javax.script.ScriptException: ReferenceError: "employeeSuperUserUserNme" is not defined in &lt;eval&gt; at line number 1
stack trace: jdk.nashorn.api.scripting.NashornScriptEngine.throwAsScriptException(NashornScriptEngine.java:470)</div><div class="step-row"><div class="step-container" id="140"><div class="step-ref skipped">140</div><div class="step-indent"> </div><div class="step-cell skipped">And form field password = '#(oauthPassword)'</div></div><div class="time-cell skipped">0</div></div><div class="step-row"><div class="step-container" id="141"><div class="step-ref skipped">141</div><div class="step-indent"> </div><div class="step-cell skipped">And form field grant_type = 'password'</div></div><div class="time-cell skipped">0</div></div><div class="step-row"><div class="step-container" id="142"><div class="step-ref skipped">142</div><div class="step-indent"> </div><div class="step-cell skipped">And form field scope = 'read'</div></div><div class="time-cell skipped">0</div></div><div class="step-row"><div class="step-container" id="143"><div class="step-ref skipped">143</div><div class="step-indent"> </div><div class="step-cell skipped">And form field tenantId = tenantId</div></div><div class="time-cell skipped">0</div></div><div class="step-row"><div class="step-container" id="144"><div class="step-ref skipped">144</div><div class="step-indent"> </div><div class="step-cell skipped">And form field userType = employeeType</div></div><div class="time-cell skipped">0</div></div><div class="step-row"><div class="step-container" id="145"><div class="step-ref skipped">145</div><div class="step-indent"> </div><div class="step-cell skipped">When method post</div></div><div class="time-cell skipped">0</div></div><div class="step-row"><div class="step-container" id="146"><div class="step-ref skipped">146</div><div class="step-indent"> </div><div class="step-cell skipped">Then status 400</div></div><div class="time-cell skipped">0</div></div><div class="step-row"><div class="step-container" id="147"><div class="step-ref skipped">147</div><div class="step-indent"> </div><div class="step-cell skipped">And def authResponseBody = response</div></div><div class="time-cell skipped">0</div></div><div class="step-row"><div class="step-container" id="148"><div class="step-ref skipped">148</div><div class="step-indent"> </div><div class="step-cell skipped">And def authResponseHeader = responseHeaders</div></div><div class="time-cell skipped">0</div></div><div class="step-row"><div class="step-container"><div class="step-ref skipped"></div><div class="step-cell comment"># After account lock, Try to unlock with valid password</div></div><div class="time-cell comment"></div></div><div class="step-row"><div class="step-container" id="149"><div class="step-ref skipped">149</div><div class="step-cell skipped">* call read('../../core-services/pretests/userAccountUnlockPretest.feature@validPasswordError')</div></div><div class="time-cell skipped">0</div></div><div class="step-row"><div class="step-container" id="150"><div class="step-ref skipped">150</div><div class="step-cell skipped">* assert authResponseBody.error == userConstant.errormessages.accountLock</div></div><div class="time-cell skipped">0</div></div></div><div class="scenario"><div class="scenario-heading" id="[4:36]"><div class="heading-container"><div class="scenario-tags"><a class="badge badge-primary" href="karate-tags.html">userAccountAfterLock</a><a class="badge badge-primary" href="karate-tags.html">regression</a><a class="badge badge-primary" href="karate-tags.html">User_Account_04</a><a class="badge badge-primary" href="karate-tags.html">coreServices</a></div><span class="scenario-keyword">Scenario: [4:36]</span><span class="scenario-name">Verify the user Account is NOT locked after giving valid password for the 5th time </span></div><div class="scenario-time failed">ms: 39</div></div><div class="step-row"><div class="step-container" id="[4:36]bg"><div class="step-ref bg-step">&gt;&gt;</div><div class="step-cell passed">Background:</div></div><div class="time-cell passed"></div></div><div class="step-row" data-parent="[4:36]bg"><div class="step-container" id="151"><div class="step-ref bg-step">151</div><div class="step-cell passed">* configure headers = read('classpath:com/egov/utils/websCommonHeaders.js')</div></div><div class="time-cell passed">0</div></div><div class="preformatted" data-parent="151">15:40:50.243 karate.env:  
15:40:50.243 locale: en_IN 
15:40:50.244 tenantId: pb.amritsar</div><div class="step-row" data-parent="[4:36]bg"><div class="step-container" id="152"><div class="step-ref bg-step">152</div><div class="step-cell passed">* def jsUtils = read('classpath:com/egov/utils/jsUtils.js')</div></div><div class="time-cell passed">6</div></div><div class="step-row" data-parent="[4:36]bg"><div class="step-container" id="153"><div class="step-ref bg-step">153</div><div class="step-cell passed">* def userConstant = read('../../core-services/constants/user.yaml')</div></div><div class="time-cell passed">1</div></div><div class="step-row"><div class="step-container"><div class="step-ref passed"></div><div class="step-cell comment"># Execute 5times with valid password</div></div><div class="time-cell comment"></div></div><div class="step-row"><div class="step-container" id="154"><div class="step-ref passed">154</div><div class="step-cell passed">* def validPasswordNotToLock = read('../../core-services/pretests/userAccountUnlockPretest.feature@validPasswordSuccess')</div></div><div class="time-cell passed">5</div></div><div class="step-row"><div class="step-container" id="155"><div class="step-ref passed">155</div><div class="step-cell passed">* def validPasswordPayload = read('../../core-services/requestPayload/user/oauthValidPassword.json')</div></div><div class="time-cell passed">4</div></div><div class="step-row"><div class="step-container" id="156"><div class="step-ref failed">156</div><div class="step-cell failed">* def resultOne = call validPasswordNotToLock validPasswordPayload</div></div><div class="time-cell failed">23</div></div><div class="preformatted" data-parent="156">15:40:50.286 feature call (loop) failed at index: 4
caller: classpath:com/egov/core-services/tests/../../core-services/pretests/userAccountUnlockPretest.feature
arg: {"oauthValidPassword":"eGov#123"}
userAccountUnlockPretest.feature:52 - evaluation (js) failed: employeeSuperUserUserNme, javax.script.ScriptException: ReferenceError: "employeeSuperUserUserNme" is not defined in &lt;eval&gt; at line number 1
stack trace: jdk.nashorn.api.scripting.NashornScriptEngine.throwAsScriptException(NashornScriptEngine.java:470)
userAccount.feature:40 - feature call (loop) failed: classpath:com/egov/core-services/tests/../../core-services/pretests/userAccountUnlockPretest.feature
caller: classpath:com/egov/core-services/tests/userAccount.feature
items: [{"oauthValidPassword":"eGov#123"},{"oauthValidPassword":"eGov#123"},{"oauthValidPassword":"eGov#123"},{"oauthValidPassword":"eGov#123"},{"oauthValidPassword":"eGov#123"}]
errors:
-------
feature call (loop) failed at index: 0
caller: classpath:com/egov/core-services/tests/../../core-services/pretests/userAccountUnlockPretest.feature
arg: {"oauthValidPassword":"eGov#123"}
userAccountUnlockPretest.feature:52 - evaluation (js) failed: employeeSuperUserUserNme, javax.script.ScriptException: ReferenceError: "employeeSuperUserUserNme" is not defined in &lt;eval&gt; at line number 1
stack trace: jdk.nashorn.api.scripting.NashornScriptEngine.throwAsScriptException(NashornScriptEngine.java:470)
-------
feature call (loop) failed at index: 1
caller: classpath:com/egov/core-services/tests/../../core-services/pretests/userAccountUnlockPretest.feature
arg: {"oauthValidPassword":"eGov#123"}
userAccountUnlockPretest.feature:52 - evaluation (js) failed: employeeSuperUserUserNme, javax.script.ScriptException: ReferenceError: "employeeSuperUserUserNme" is not defined in &lt;eval&gt; at line number 1
stack trace: jdk.nashorn.api.scripting.NashornScriptEngine.throwAsScriptException(NashornScriptEngine.java:470)
-------
feature call (loop) failed at index: 2
caller: classpath:com/egov/core-services/tests/../../core-services/pretests/userAccountUnlockPretest.feature
arg: {"oauthValidPassword":"eGov#123"}
userAccountUnlockPretest.feature:52 - evaluation (js) failed: employeeSuperUserUserNme, javax.script.ScriptException: ReferenceError: "employeeSuperUserUserNme" is not defined in &lt;eval&gt; at line number 1
stack trace: jdk.nashorn.api.scripting.NashornScriptEngine.throwAsScriptException(NashornScriptEngine.java:470)
-------
feature call (loop) failed at index: 3
caller: classpath:com/egov/core-services/tests/../../core-services/pretests/userAccountUnlockPretest.feature
arg: {"oauthValidPassword":"eGov#123"}
userAccountUnlockPretest.feature:52 - evaluation (js) failed: employeeSuperUserUserNme, javax.script.ScriptException: ReferenceError: "employeeSuperUserUserNme" is not defined in &lt;eval&gt; at line number 1
stack trace: jdk.nashorn.api.scripting.NashornScriptEngine.throwAsScriptException(NashornScriptEngine.java:470)
-------
feature call (loop) failed at index: 4
caller: classpath:com/egov/core-services/tests/../../core-services/pretests/userAccountUnlockPretest.feature
arg: {"oauthValidPassword":"eGov#123"}
userAccountUnlockPretest.feature:52 - evaluation (js) failed: employeeSuperUserUserNme, javax.script.ScriptException: ReferenceError: "employeeSuperUserUserNme" is not defined in &lt;eval&gt; at line number 1
stack trace: jdk.nashorn.api.scripting.NashornScriptEngine.throwAsScriptException(NashornScriptEngine.java:470)</div><div class="step-row"><div class="step-container" id="156.1"><div class="step-ref failed">&gt;&gt;</div><div class="step-cell failed">[0] com/egov/core-services/tests/../../core-services/pretests/userAccountUnlockPretest.feature</div></div><div class="time-cell failed">2</div></div><div class="callarg-container" data-parent="156.1"><div class="step-ref"> </div><div class="preformatted">{
  "oauthValidPassword": "eGov#123"
}
</div></div><div class="step-row"><div class="step-container" id="157"><div class="step-ref passed">157</div><div class="step-indent"> </div><div class="step-cell passed">* configure headers = read('classpath:com/egov/utils/oauthTokenHeader.js')</div></div><div class="time-cell passed">1</div></div><div class="step-row"><div class="step-container" id="158"><div class="step-ref passed">158</div><div class="step-indent"> </div><div class="step-cell passed">* def jsUtils = read('classpath:com/egov/utils/jsUtils.js')</div></div><div class="time-cell passed">0</div></div><div class="step-row"><div class="step-container" id="159"><div class="step-ref passed">159</div><div class="step-indent"> </div><div class="step-cell passed">Given url authTokenUrl</div></div><div class="time-cell passed">0</div></div><div class="step-row"><div class="step-container" id="160"><div class="step-ref failed">160</div><div class="step-indent"> </div><div class="step-cell failed">And form field username = employeeSuperUserUserNme</div></div><div class="time-cell failed">1</div></div><div class="preformatted" data-parent="160">userAccountUnlockPretest.feature:52 - evaluation (js) failed: employeeSuperUserUserNme, javax.script.ScriptException: ReferenceError: "employeeSuperUserUserNme" is not defined in &lt;eval&gt; at line number 1
stack trace: jdk.nashorn.api.scripting.NashornScriptEngine.throwAsScriptException(NashornScriptEngine.java:470)</div><div class="step-row"><div class="step-container" id="161"><div class="step-ref skipped">161</div><div class="step-indent"> </div><div class="step-cell skipped">And form field password = '#(oauthValidPassword)'</div></div><div class="time-cell skipped">0</div></div><div class="step-row"><div class="step-container" id="162"><div class="step-ref skipped">162</div><div class="step-indent"> </div><div class="step-cell skipped">And form field grant_type = 'password'</div></div><div class="time-cell skipped">0</div></div><div class="step-row"><div class="step-container" id="163"><div class="step-ref skipped">163</div><div class="step-indent"> </div><div class="step-cell skipped">And form field scope = 'read'</div></div><div class="time-cell skipped">0</div></div><div class="step-row"><div class="step-container" id="164"><div class="step-ref skipped">164</div><div class="step-indent"> </div><div class="step-cell skipped">And form field tenantId = tenantId</div></div><div class="time-cell skipped">0</div></div><div class="step-row"><div class="step-container" id="165"><div class="step-ref skipped">165</div><div class="step-indent"> </div><div class="step-cell skipped">And form field userType = employeeType</div></div><div class="time-cell skipped">0</div></div><div class="step-row"><div class="step-container" id="166"><div class="step-ref skipped">166</div><div class="step-indent"> </div><div class="step-cell skipped">When method post</div></div><div class="time-cell skipped">0</div></div><div class="step-row"><div class="step-container" id="167"><div class="step-ref skipped">167</div><div class="step-indent"> </div><div class="step-cell skipped">Then status 200</div></div><div class="time-cell skipped">0</div></div><div class="step-row"><div class="step-container" id="168"><div class="step-ref skipped">168</div><div class="step-indent"> </div><div class="step-cell skipped">And def authResponseBody = response</div></div><div class="time-cell skipped">0</div></div><div class="step-row"><div class="step-container" id="169"><div class="step-ref skipped">169</div><div class="step-indent"> </div><div class="step-cell skipped">And def authResponseHeader = responseHeaders</div></div><div class="time-cell skipped">0</div></div><div class="step-row"><div class="step-container" id="156.2"><div class="step-ref failed">&gt;&gt;</div><div class="step-cell failed">[1] com/egov/core-services/tests/../../core-services/pretests/userAccountUnlockPretest.feature</div></div><div class="time-cell failed">2</div></div><div class="callarg-container" data-parent="156.2"><div class="step-ref"> </div><div class="preformatted">{
  "oauthValidPassword": "eGov#123"
}
</div></div><div class="step-row"><div class="step-container" id="170"><div class="step-ref passed">170</div><div class="step-indent"> </div><div class="step-cell passed">* configure headers = read('classpath:com/egov/utils/oauthTokenHeader.js')</div></div><div class="time-cell passed">1</div></div><div class="preformatted" data-parent="170">15:40:50.269 feature call (loop) failed at index: 0
caller: classpath:com/egov/core-services/tests/../../core-services/pretests/userAccountUnlockPretest.feature
arg: {"oauthValidPassword":"eGov#123"}
userAccountUnlockPretest.feature:52 - evaluation (js) failed: employeeSuperUserUserNme, javax.script.ScriptException: ReferenceError: "employeeSuperUserUserNme" is not defined in &lt;eval&gt; at line number 1
stack trace: jdk.nashorn.api.scripting.NashornScriptEngine.throwAsScriptException(NashornScriptEngine.java:470)</div><div class="step-row"><div class="step-container" id="171"><div class="step-ref passed">171</div><div class="step-indent"> </div><div class="step-cell passed">* def jsUtils = read('classpath:com/egov/utils/jsUtils.js')</div></div><div class="time-cell passed">1</div></div><div class="step-row"><div class="step-container" id="172"><div class="step-ref passed">172</div><div class="step-indent"> </div><div class="step-cell passed">Given url authTokenUrl</div></div><div class="time-cell passed">0</div></div><div class="step-row"><div class="step-container" id="173"><div class="step-ref failed">173</div><div class="step-indent"> </div><div class="step-cell failed">And form field username = employeeSuperUserUserNme</div></div><div class="time-cell failed">1</div></div><div class="preformatted" data-parent="173">userAccountUnlockPretest.feature:52 - evaluation (js) failed: employeeSuperUserUserNme, javax.script.ScriptException: ReferenceError: "employeeSuperUserUserNme" is not defined in &lt;eval&gt; at line number 1
stack trace: jdk.nashorn.api.scripting.NashornScriptEngine.throwAsScriptException(NashornScriptEngine.java:470)</div><div class="step-row"><div class="step-container" id="174"><div class="step-ref skipped">174</div><div class="step-indent"> </div><div class="step-cell skipped">And form field password = '#(oauthValidPassword)'</div></div><div class="time-cell skipped">0</div></div><div class="step-row"><div class="step-container" id="175"><div class="step-ref skipped">175</div><div class="step-indent"> </div><div class="step-cell skipped">And form field grant_type = 'password'</div></div><div class="time-cell skipped">0</div></div><div class="step-row"><div class="step-container" id="176"><div class="step-ref skipped">176</div><div class="step-indent"> </div><div class="step-cell skipped">And form field scope = 'read'</div></div><div class="time-cell skipped">0</div></div><div class="step-row"><div class="step-container" id="177"><div class="step-ref skipped">177</div><div class="step-indent"> </div><div class="step-cell skipped">And form field tenantId = tenantId</div></div><div class="time-cell skipped">0</div></div><div class="step-row"><div class="step-container" id="178"><div class="step-ref skipped">178</div><div class="step-indent"> </div><div class="step-cell skipped">And form field userType = employeeType</div></div><div class="time-cell skipped">0</div></div><div class="step-row"><div class="step-container" id="179"><div class="step-ref skipped">179</div><div class="step-indent"> </div><div class="step-cell skipped">When method post</div></div><div class="time-cell skipped">0</div></div><div class="step-row"><div class="step-container" id="180"><div class="step-ref skipped">180</div><div class="step-indent"> </div><div class="step-cell skipped">Then status 200</div></div><div class="time-cell skipped">0</div></div><div class="step-row"><div class="step-container" id="181"><div class="step-ref skipped">181</div><div class="step-indent"> </div><div class="step-cell skipped">And def authResponseBody = response</div></div><div class="time-cell skipped">0</div></div><div class="step-row"><div class="step-container" id="182"><div class="step-ref skipped">182</div><div class="step-indent"> </div><div class="step-cell skipped">And def authResponseHeader = responseHeaders</div></div><div class="time-cell skipped">0</div></div><div class="step-row"><div class="step-container" id="156.3"><div class="step-ref failed">&gt;&gt;</div><div class="step-cell failed">[2] com/egov/core-services/tests/../../core-services/pretests/userAccountUnlockPretest.feature</div></div><div class="time-cell failed">2</div></div><div class="callarg-container" data-parent="156.3"><div class="step-ref"> </div><div class="preformatted">{
  "oauthValidPassword": "eGov#123"
}
</div></div><div class="step-row"><div class="step-container" id="183"><div class="step-ref passed">183</div><div class="step-indent"> </div><div class="step-cell passed">* configure headers = read('classpath:com/egov/utils/oauthTokenHeader.js')</div></div><div class="time-cell passed">1</div></div><div class="preformatted" data-parent="183">15:40:50.272 feature call (loop) failed at index: 1
caller: classpath:com/egov/core-services/tests/../../core-services/pretests/userAccountUnlockPretest.feature
arg: {"oauthValidPassword":"eGov#123"}
userAccountUnlockPretest.feature:52 - evaluation (js) failed: employeeSuperUserUserNme, javax.script.ScriptException: ReferenceError: "employeeSuperUserUserNme" is not defined in &lt;eval&gt; at line number 1
stack trace: jdk.nashorn.api.scripting.NashornScriptEngine.throwAsScriptException(NashornScriptEngine.java:470)</div><div class="step-row"><div class="step-container" id="184"><div class="step-ref passed">184</div><div class="step-indent"> </div><div class="step-cell passed">* def jsUtils = read('classpath:com/egov/utils/jsUtils.js')</div></div><div class="time-cell passed">0</div></div><div class="step-row"><div class="step-container" id="185"><div class="step-ref passed">185</div><div class="step-indent"> </div><div class="step-cell passed">Given url authTokenUrl</div></div><div class="time-cell passed">0</div></div><div class="step-row"><div class="step-container" id="186"><div class="step-ref failed">186</div><div class="step-indent"> </div><div class="step-cell failed">And form field username = employeeSuperUserUserNme</div></div><div class="time-cell failed">1</div></div><div class="preformatted" data-parent="186">userAccountUnlockPretest.feature:52 - evaluation (js) failed: employeeSuperUserUserNme, javax.script.ScriptException: ReferenceError: "employeeSuperUserUserNme" is not defined in &lt;eval&gt; at line number 1
stack trace: jdk.nashorn.api.scripting.NashornScriptEngine.throwAsScriptException(NashornScriptEngine.java:470)</div><div class="step-row"><div class="step-container" id="187"><div class="step-ref skipped">187</div><div class="step-indent"> </div><div class="step-cell skipped">And form field password = '#(oauthValidPassword)'</div></div><div class="time-cell skipped">0</div></div><div class="step-row"><div class="step-container" id="188"><div class="step-ref skipped">188</div><div class="step-indent"> </div><div class="step-cell skipped">And form field grant_type = 'password'</div></div><div class="time-cell skipped">0</div></div><div class="step-row"><div class="step-container" id="189"><div class="step-ref skipped">189</div><div class="step-indent"> </div><div class="step-cell skipped">And form field scope = 'read'</div></div><div class="time-cell skipped">0</div></div><div class="step-row"><div class="step-container" id="190"><div class="step-ref skipped">190</div><div class="step-indent"> </div><div class="step-cell skipped">And form field tenantId = tenantId</div></div><div class="time-cell skipped">0</div></div><div class="step-row"><div class="step-container" id="191"><div class="step-ref skipped">191</div><div class="step-indent"> </div><div class="step-cell skipped">And form field userType = employeeType</div></div><div class="time-cell skipped">0</div></div><div class="step-row"><div class="step-container" id="192"><div class="step-ref skipped">192</div><div class="step-indent"> </div><div class="step-cell skipped">When method post</div></div><div class="time-cell skipped">0</div></div><div class="step-row"><div class="step-container" id="193"><div class="step-ref skipped">193</div><div class="step-indent"> </div><div class="step-cell skipped">Then status 200</div></div><div class="time-cell skipped">0</div></div><div class="step-row"><div class="step-container" id="194"><div class="step-ref skipped">194</div><div class="step-indent"> </div><div class="step-cell skipped">And def authResponseBody = response</div></div><div class="time-cell skipped">0</div></div><div class="step-row"><div class="step-container" id="195"><div class="step-ref skipped">195</div><div class="step-indent"> </div><div class="step-cell skipped">And def authResponseHeader = responseHeaders</div></div><div class="time-cell skipped">0</div></div><div class="step-row"><div class="step-container" id="156.4"><div class="step-ref failed">&gt;&gt;</div><div class="step-cell failed">[3] com/egov/core-services/tests/../../core-services/pretests/userAccountUnlockPretest.feature</div></div><div class="time-cell failed">7</div></div><div class="callarg-container" data-parent="156.4"><div class="step-ref"> </div><div class="preformatted">{
  "oauthValidPassword": "eGov#123"
}
</div></div><div class="step-row"><div class="step-container" id="196"><div class="step-ref passed">196</div><div class="step-indent"> </div><div class="step-cell passed">* configure headers = read('classpath:com/egov/utils/oauthTokenHeader.js')</div></div><div class="time-cell passed">6</div></div><div class="preformatted" data-parent="196">15:40:50.275 feature call (loop) failed at index: 2
caller: classpath:com/egov/core-services/tests/../../core-services/pretests/userAccountUnlockPretest.feature
arg: {"oauthValidPassword":"eGov#123"}
userAccountUnlockPretest.feature:52 - evaluation (js) failed: employeeSuperUserUserNme, javax.script.ScriptException: ReferenceError: "employeeSuperUserUserNme" is not defined in &lt;eval&gt; at line number 1
stack trace: jdk.nashorn.api.scripting.NashornScriptEngine.throwAsScriptException(NashornScriptEngine.java:470)</div><div class="step-row"><div class="step-container" id="197"><div class="step-ref passed">197</div><div class="step-indent"> </div><div class="step-cell passed">* def jsUtils = read('classpath:com/egov/utils/jsUtils.js')</div></div><div class="time-cell passed">0</div></div><div class="step-row"><div class="step-container" id="198"><div class="step-ref passed">198</div><div class="step-indent"> </div><div class="step-cell passed">Given url authTokenUrl</div></div><div class="time-cell passed">0</div></div><div class="step-row"><div class="step-container" id="199"><div class="step-ref failed">199</div><div class="step-indent"> </div><div class="step-cell failed">And form field username = employeeSuperUserUserNme</div></div><div class="time-cell failed">1</div></div><div class="preformatted" data-parent="199">userAccountUnlockPretest.feature:52 - evaluation (js) failed: employeeSuperUserUserNme, javax.script.ScriptException: ReferenceError: "employeeSuperUserUserNme" is not defined in &lt;eval&gt; at line number 1
stack trace: jdk.nashorn.api.scripting.NashornScriptEngine.throwAsScriptException(NashornScriptEngine.java:470)</div><div class="step-row"><div class="step-container" id="200"><div class="step-ref skipped">200</div><div class="step-indent"> </div><div class="step-cell skipped">And form field password = '#(oauthValidPassword)'</div></div><div class="time-cell skipped">0</div></div><div class="step-row"><div class="step-container" id="201"><div class="step-ref skipped">201</div><div class="step-indent"> </div><div class="step-cell skipped">And form field grant_type = 'password'</div></div><div class="time-cell skipped">0</div></div><div class="step-row"><div class="step-container" id="202"><div class="step-ref skipped">202</div><div class="step-indent"> </div><div class="step-cell skipped">And form field scope = 'read'</div></div><div class="time-cell skipped">0</div></div><div class="step-row"><div class="step-container" id="203"><div class="step-ref skipped">203</div><div class="step-indent"> </div><div class="step-cell skipped">And form field tenantId = tenantId</div></div><div class="time-cell skipped">0</div></div><div class="step-row"><div class="step-container" id="204"><div class="step-ref skipped">204</div><div class="step-indent"> </div><div class="step-cell skipped">And form field userType = employeeType</div></div><div class="time-cell skipped">0</div></div><div class="step-row"><div class="step-container" id="205"><div class="step-ref skipped">205</div><div class="step-indent"> </div><div class="step-cell skipped">When method post</div></div><div class="time-cell skipped">0</div></div><div class="step-row"><div class="step-container" id="206"><div class="step-ref skipped">206</div><div class="step-indent"> </div><div class="step-cell skipped">Then status 200</div></div><div class="time-cell skipped">0</div></div><div class="step-row"><div class="step-container" id="207"><div class="step-ref skipped">207</div><div class="step-indent"> </div><div class="step-cell skipped">And def authResponseBody = response</div></div><div class="time-cell skipped">0</div></div><div class="step-row"><div class="step-container" id="208"><div class="step-ref skipped">208</div><div class="step-indent"> </div><div class="step-cell skipped">And def authResponseHeader = responseHeaders</div></div><div class="time-cell skipped">0</div></div><div class="step-row"><div class="step-container" id="156.5"><div class="step-ref failed">&gt;&gt;</div><div class="step-cell failed">[4] com/egov/core-services/tests/../../core-services/pretests/userAccountUnlockPretest.feature</div></div><div class="time-cell failed">3</div></div><div class="callarg-container" data-parent="156.5"><div class="step-ref"> </div><div class="preformatted">{
  "oauthValidPassword": "eGov#123"
}
</div></div><div class="step-row"><div class="step-container" id="209"><div class="step-ref passed">209</div><div class="step-indent"> </div><div class="step-cell passed">* configure headers = read('classpath:com/egov/utils/oauthTokenHeader.js')</div></div><div class="time-cell passed">1</div></div><div class="preformatted" data-parent="209">15:40:50.282 feature call (loop) failed at index: 3
caller: classpath:com/egov/core-services/tests/../../core-services/pretests/userAccountUnlockPretest.feature
arg: {"oauthValidPassword":"eGov#123"}
userAccountUnlockPretest.feature:52 - evaluation (js) failed: employeeSuperUserUserNme, javax.script.ScriptException: ReferenceError: "employeeSuperUserUserNme" is not defined in &lt;eval&gt; at line number 1
stack trace: jdk.nashorn.api.scripting.NashornScriptEngine.throwAsScriptException(NashornScriptEngine.java:470)</div><div class="step-row"><div class="step-container" id="210"><div class="step-ref passed">210</div><div class="step-indent"> </div><div class="step-cell passed">* def jsUtils = read('classpath:com/egov/utils/jsUtils.js')</div></div><div class="time-cell passed">0</div></div><div class="step-row"><div class="step-container" id="211"><div class="step-ref passed">211</div><div class="step-indent"> </div><div class="step-cell passed">Given url authTokenUrl</div></div><div class="time-cell passed">0</div></div><div class="step-row"><div class="step-container" id="212"><div class="step-ref failed">212</div><div class="step-indent"> </div><div class="step-cell failed">And form field username = employeeSuperUserUserNme</div></div><div class="time-cell failed">1</div></div><div class="preformatted" data-parent="212">userAccountUnlockPretest.feature:52 - evaluation (js) failed: employeeSuperUserUserNme, javax.script.ScriptException: ReferenceError: "employeeSuperUserUserNme" is not defined in &lt;eval&gt; at line number 1
stack trace: jdk.nashorn.api.scripting.NashornScriptEngine.throwAsScriptException(NashornScriptEngine.java:470)</div><div class="step-row"><div class="step-container" id="213"><div class="step-ref skipped">213</div><div class="step-indent"> </div><div class="step-cell skipped">And form field password = '#(oauthValidPassword)'</div></div><div class="time-cell skipped">0</div></div><div class="step-row"><div class="step-container" id="214"><div class="step-ref skipped">214</div><div class="step-indent"> </div><div class="step-cell skipped">And form field grant_type = 'password'</div></div><div class="time-cell skipped">0</div></div><div class="step-row"><div class="step-container" id="215"><div class="step-ref skipped">215</div><div class="step-indent"> </div><div class="step-cell skipped">And form field scope = 'read'</div></div><div class="time-cell skipped">0</div></div><div class="step-row"><div class="step-container" id="216"><div class="step-ref skipped">216</div><div class="step-indent"> </div><div class="step-cell skipped">And form field tenantId = tenantId</div></div><div class="time-cell skipped">0</div></div><div class="step-row"><div class="step-container" id="217"><div class="step-ref skipped">217</div><div class="step-indent"> </div><div class="step-cell skipped">And form field userType = employeeType</div></div><div class="time-cell skipped">0</div></div><div class="step-row"><div class="step-container" id="218"><div class="step-ref skipped">218</div><div class="step-indent"> </div><div class="step-cell skipped">When method post</div></div><div class="time-cell skipped">0</div></div><div class="step-row"><div class="step-container" id="219"><div class="step-ref skipped">219</div><div class="step-indent"> </div><div class="step-cell skipped">Then status 200</div></div><div class="time-cell skipped">0</div></div><div class="step-row"><div class="step-container" id="220"><div class="step-ref skipped">220</div><div class="step-indent"> </div><div class="step-cell skipped">And def authResponseBody = response</div></div><div class="time-cell skipped">0</div></div><div class="step-row"><div class="step-container" id="221"><div class="step-ref skipped">221</div><div class="step-indent"> </div><div class="step-cell skipped">And def authResponseHeader = responseHeaders</div></div><div class="time-cell skipped">0</div></div></div><div class="scenario"><div class="scenario-heading" id="[5:43]"><div class="heading-container"><div class="scenario-tags"><a class="badge badge-primary" href="karate-tags.html">userAccountAfterLock</a><a class="badge badge-primary" href="karate-tags.html">regression</a><a class="badge badge-primary" href="karate-tags.html">User_Account_05</a><a class="badge badge-primary" href="karate-tags.html">coreServices</a></div><span class="scenario-keyword">Scenario: [5:43]</span><span class="scenario-name">Verify the user Account before 1 hr after locked </span></div><div class="scenario-time failed">ms: 34</div></div><div class="step-row"><div class="step-container" id="[5:43]bg"><div class="step-ref bg-step">&gt;&gt;</div><div class="step-cell passed">Background:</div></div><div class="time-cell passed"></div></div><div class="step-row" data-parent="[5:43]bg"><div class="step-container" id="222"><div class="step-ref bg-step">222</div><div class="step-cell passed">* configure headers = read('classpath:com/egov/utils/websCommonHeaders.js')</div></div><div class="time-cell passed">1</div></div><div class="preformatted" data-parent="222">15:40:50.300 karate.env:  
15:40:50.300 locale: en_IN 
15:40:50.301 tenantId: pb.amritsar</div><div class="step-row" data-parent="[5:43]bg"><div class="step-container" id="223"><div class="step-ref bg-step">223</div><div class="step-cell passed">* def jsUtils = read('classpath:com/egov/utils/jsUtils.js')</div></div><div class="time-cell passed">2</div></div><div class="step-row" data-parent="[5:43]bg"><div class="step-container" id="224"><div class="step-ref bg-step">224</div><div class="step-cell passed">* def userConstant = read('../../core-services/constants/user.yaml')</div></div><div class="time-cell passed">1</div></div><div class="step-row"><div class="step-container"><div class="step-ref passed"></div><div class="step-cell comment"># Call account lock feature</div></div><div class="time-cell comment"></div></div><div class="step-row"><div class="step-container" id="225"><div class="step-ref passed">225</div><div class="step-cell passed">* def invalidPswToLock = read('../../core-services/pretests/userAccountUnlockPretest.feature@invalidPasswordError')</div></div><div class="time-cell passed">1</div></div><div class="step-row"><div class="step-container" id="226"><div class="step-ref passed">226</div><div class="step-cell passed">* def invalidPswPayload = read('../../core-services/requestPayload/user/oauthInvalidPassword.json')</div></div><div class="time-cell passed">1</div></div><div class="step-row"><div class="step-container" id="227"><div class="step-ref failed">227</div><div class="step-cell failed">* def result = call invalidPswToLock invalidPswPayload</div></div><div class="time-cell failed">28</div></div><div class="preformatted" data-parent="227">15:40:50.337 feature call (loop) failed at index: 4
caller: classpath:com/egov/core-services/tests/../../core-services/pretests/userAccountUnlockPretest.feature
arg: {"oauthPassword":"egov12"}
userAccountUnlockPretest.feature:9 - evaluation (js) failed: employeeSuperUserUserNme, javax.script.ScriptException: ReferenceError: "employeeSuperUserUserNme" is not defined in &lt;eval&gt; at line number 1
stack trace: jdk.nashorn.api.scripting.NashornScriptEngine.throwAsScriptException(NashornScriptEngine.java:470)
userAccount.feature:49 - feature call (loop) failed: classpath:com/egov/core-services/tests/../../core-services/pretests/userAccountUnlockPretest.feature
caller: classpath:com/egov/core-services/tests/userAccount.feature
items: [{"oauthPassword":"egov1"},{"oauthPassword":"egov2"},{"oauthPassword":"egov3"},{"oauthPassword":"egov11"},{"oauthPassword":"egov12"}]
errors:
-------
feature call (loop) failed at index: 0
caller: classpath:com/egov/core-services/tests/../../core-services/pretests/userAccountUnlockPretest.feature
arg: {"oauthPassword":"egov1"}
userAccountUnlockPretest.feature:9 - evaluation (js) failed: employeeSuperUserUserNme, javax.script.ScriptException: ReferenceError: "employeeSuperUserUserNme" is not defined in &lt;eval&gt; at line number 1
stack trace: jdk.nashorn.api.scripting.NashornScriptEngine.throwAsScriptException(NashornScriptEngine.java:470)
-------
feature call (loop) failed at index: 1
caller: classpath:com/egov/core-services/tests/../../core-services/pretests/userAccountUnlockPretest.feature
arg: {"oauthPassword":"egov2"}
userAccountUnlockPretest.feature:9 - evaluation (js) failed: employeeSuperUserUserNme, javax.script.ScriptException: ReferenceError: "employeeSuperUserUserNme" is not defined in &lt;eval&gt; at line number 1
stack trace: jdk.nashorn.api.scripting.NashornScriptEngine.throwAsScriptException(NashornScriptEngine.java:470)
-------
feature call (loop) failed at index: 2
caller: classpath:com/egov/core-services/tests/../../core-services/pretests/userAccountUnlockPretest.feature
arg: {"oauthPassword":"egov3"}
userAccountUnlockPretest.feature:9 - evaluation (js) failed: employeeSuperUserUserNme, javax.script.ScriptException: ReferenceError: "employeeSuperUserUserNme" is not defined in &lt;eval&gt; at line number 1
stack trace: jdk.nashorn.api.scripting.NashornScriptEngine.throwAsScriptException(NashornScriptEngine.java:470)
-------
feature call (loop) failed at index: 3
caller: classpath:com/egov/core-services/tests/../../core-services/pretests/userAccountUnlockPretest.feature
arg: {"oauthPassword":"egov11"}
userAccountUnlockPretest.feature:9 - evaluation (js) failed: employeeSuperUserUserNme, javax.script.ScriptException: ReferenceError: "employeeSuperUserUserNme" is not defined in &lt;eval&gt; at line number 1
stack trace: jdk.nashorn.api.scripting.NashornScriptEngine.throwAsScriptException(NashornScriptEngine.java:470)
-------
feature call (loop) failed at index: 4
caller: classpath:com/egov/core-services/tests/../../core-services/pretests/userAccountUnlockPretest.feature
arg: {"oauthPassword":"egov12"}
userAccountUnlockPretest.feature:9 - evaluation (js) failed: employeeSuperUserUserNme, javax.script.ScriptException: ReferenceError: "employeeSuperUserUserNme" is not defined in &lt;eval&gt; at line number 1
stack trace: jdk.nashorn.api.scripting.NashornScriptEngine.throwAsScriptException(NashornScriptEngine.java:470)</div><div class="step-row"><div class="step-container" id="227.1"><div class="step-ref failed">&gt;&gt;</div><div class="step-cell failed">[0] com/egov/core-services/tests/../../core-services/pretests/userAccountUnlockPretest.feature</div></div><div class="time-cell failed">3</div></div><div class="callarg-container" data-parent="227.1"><div class="step-ref"> </div><div class="preformatted">{
  "oauthPassword": "egov1"
}
</div></div><div class="step-row"><div class="step-container" id="228"><div class="step-ref passed">228</div><div class="step-indent"> </div><div class="step-cell passed">* configure headers = read('classpath:com/egov/utils/oauthTokenHeader.js')</div></div><div class="time-cell passed">2</div></div><div class="step-row"><div class="step-container" id="229"><div class="step-ref passed">229</div><div class="step-indent"> </div><div class="step-cell passed">* def jsUtils = read('classpath:com/egov/utils/jsUtils.js')</div></div><div class="time-cell passed">0</div></div><div class="step-row"><div class="step-container" id="230"><div class="step-ref passed">230</div><div class="step-indent"> </div><div class="step-cell passed">Given url authTokenUrl</div></div><div class="time-cell passed">0</div></div><div class="step-row"><div class="step-container" id="231"><div class="step-ref failed">231</div><div class="step-indent"> </div><div class="step-cell failed">And form field username = employeeSuperUserUserNme</div></div><div class="time-cell failed">1</div></div><div class="preformatted" data-parent="231">userAccountUnlockPretest.feature:9 - evaluation (js) failed: employeeSuperUserUserNme, javax.script.ScriptException: ReferenceError: "employeeSuperUserUserNme" is not defined in &lt;eval&gt; at line number 1
stack trace: jdk.nashorn.api.scripting.NashornScriptEngine.throwAsScriptException(NashornScriptEngine.java:470)</div><div class="step-row"><div class="step-container" id="232"><div class="step-ref skipped">232</div><div class="step-indent"> </div><div class="step-cell skipped">And form field password = '#(oauthPassword)'</div></div><div class="time-cell skipped">0</div></div><div class="step-row"><div class="step-container" id="233"><div class="step-ref skipped">233</div><div class="step-indent"> </div><div class="step-cell skipped">And form field grant_type = 'password'</div></div><div class="time-cell skipped">0</div></div><div class="step-row"><div class="step-container" id="234"><div class="step-ref skipped">234</div><div class="step-indent"> </div><div class="step-cell skipped">And form field scope = 'read'</div></div><div class="time-cell skipped">0</div></div><div class="step-row"><div class="step-container" id="235"><div class="step-ref skipped">235</div><div class="step-indent"> </div><div class="step-cell skipped">And form field tenantId = tenantId</div></div><div class="time-cell skipped">0</div></div><div class="step-row"><div class="step-container" id="236"><div class="step-ref skipped">236</div><div class="step-indent"> </div><div class="step-cell skipped">And form field userType = employeeType</div></div><div class="time-cell skipped">0</div></div><div class="step-row"><div class="step-container" id="237"><div class="step-ref skipped">237</div><div class="step-indent"> </div><div class="step-cell skipped">When method post</div></div><div class="time-cell skipped">0</div></div><div class="step-row"><div class="step-container" id="238"><div class="step-ref skipped">238</div><div class="step-indent"> </div><div class="step-cell skipped">Then status 400</div></div><div class="time-cell skipped">0</div></div><div class="step-row"><div class="step-container" id="239"><div class="step-ref skipped">239</div><div class="step-indent"> </div><div class="step-cell skipped">And def authResponseBody = response</div></div><div class="time-cell skipped">0</div></div><div class="step-row"><div class="step-container" id="240"><div class="step-ref skipped">240</div><div class="step-indent"> </div><div class="step-cell skipped">And def authResponseHeader = responseHeaders</div></div><div class="time-cell skipped">0</div></div><div class="step-row"><div class="step-container" id="227.2"><div class="step-ref failed">&gt;&gt;</div><div class="step-cell failed">[1] com/egov/core-services/tests/../../core-services/pretests/userAccountUnlockPretest.feature</div></div><div class="time-cell failed">2</div></div><div class="callarg-container" data-parent="227.2"><div class="step-ref"> </div><div class="preformatted">{
  "oauthPassword": "egov2"
}
</div></div><div class="step-row"><div class="step-container" id="241"><div class="step-ref passed">241</div><div class="step-indent"> </div><div class="step-cell passed">* configure headers = read('classpath:com/egov/utils/oauthTokenHeader.js')</div></div><div class="time-cell passed">1</div></div><div class="preformatted" data-parent="241">15:40:50.319 feature call (loop) failed at index: 0
caller: classpath:com/egov/core-services/tests/../../core-services/pretests/userAccountUnlockPretest.feature
arg: {"oauthPassword":"egov1"}
userAccountUnlockPretest.feature:9 - evaluation (js) failed: employeeSuperUserUserNme, javax.script.ScriptException: ReferenceError: "employeeSuperUserUserNme" is not defined in &lt;eval&gt; at line number 1
stack trace: jdk.nashorn.api.scripting.NashornScriptEngine.throwAsScriptException(NashornScriptEngine.java:470)</div><div class="step-row"><div class="step-container" id="242"><div class="step-ref passed">242</div><div class="step-indent"> </div><div class="step-cell passed">* def jsUtils = read('classpath:com/egov/utils/jsUtils.js')</div></div><div class="time-cell passed">0</div></div><div class="step-row"><div class="step-container" id="243"><div class="step-ref passed">243</div><div class="step-indent"> </div><div class="step-cell passed">Given url authTokenUrl</div></div><div class="time-cell passed">0</div></div><div class="step-row"><div class="step-container" id="244"><div class="step-ref failed">244</div><div class="step-indent"> </div><div class="step-cell failed">And form field username = employeeSuperUserUserNme</div></div><div class="time-cell failed">1</div></div><div class="preformatted" data-parent="244">userAccountUnlockPretest.feature:9 - evaluation (js) failed: employeeSuperUserUserNme, javax.script.ScriptException: ReferenceError: "employeeSuperUserUserNme" is not defined in &lt;eval&gt; at line number 1
stack trace: jdk.nashorn.api.scripting.NashornScriptEngine.throwAsScriptException(NashornScriptEngine.java:470)</div><div class="step-row"><div class="step-container" id="245"><div class="step-ref skipped">245</div><div class="step-indent"> </div><div class="step-cell skipped">And form field password = '#(oauthPassword)'</div></div><div class="time-cell skipped">0</div></div><div class="step-row"><div class="step-container" id="246"><div class="step-ref skipped">246</div><div class="step-indent"> </div><div class="step-cell skipped">And form field grant_type = 'password'</div></div><div class="time-cell skipped">0</div></div><div class="step-row"><div class="step-container" id="247"><div class="step-ref skipped">247</div><div class="step-indent"> </div><div class="step-cell skipped">And form field scope = 'read'</div></div><div class="time-cell skipped">0</div></div><div class="step-row"><div class="step-container" id="248"><div class="step-ref skipped">248</div><div class="step-indent"> </div><div class="step-cell skipped">And form field tenantId = tenantId</div></div><div class="time-cell skipped">0</div></div><div class="step-row"><div class="step-container" id="249"><div class="step-ref skipped">249</div><div class="step-indent"> </div><div class="step-cell skipped">And form field userType = employeeType</div></div><div class="time-cell skipped">0</div></div><div class="step-row"><div class="step-container" id="250"><div class="step-ref skipped">250</div><div class="step-indent"> </div><div class="step-cell skipped">When method post</div></div><div class="time-cell skipped">0</div></div><div class="step-row"><div class="step-container" id="251"><div class="step-ref skipped">251</div><div class="step-indent"> </div><div class="step-cell skipped">Then status 400</div></div><div class="time-cell skipped">0</div></div><div class="step-row"><div class="step-container" id="252"><div class="step-ref skipped">252</div><div class="step-indent"> </div><div class="step-cell skipped">And def authResponseBody = response</div></div><div class="time-cell skipped">0</div></div><div class="step-row"><div class="step-container" id="253"><div class="step-ref skipped">253</div><div class="step-indent"> </div><div class="step-cell skipped">And def authResponseHeader = responseHeaders</div></div><div class="time-cell skipped">0</div></div><div class="step-row"><div class="step-container" id="227.3"><div class="step-ref failed">&gt;&gt;</div><div class="step-cell failed">[2] com/egov/core-services/tests/../../core-services/pretests/userAccountUnlockPretest.feature</div></div><div class="time-cell failed">6</div></div><div class="callarg-container" data-parent="227.3"><div class="step-ref"> </div><div class="preformatted">{
  "oauthPassword": "egov3"
}
</div></div><div class="step-row"><div class="step-container" id="254"><div class="step-ref passed">254</div><div class="step-indent"> </div><div class="step-cell passed">* configure headers = read('classpath:com/egov/utils/oauthTokenHeader.js')</div></div><div class="time-cell passed">4</div></div><div class="preformatted" data-parent="254">15:40:50.323 feature call (loop) failed at index: 1
caller: classpath:com/egov/core-services/tests/../../core-services/pretests/userAccountUnlockPretest.feature
arg: {"oauthPassword":"egov2"}
userAccountUnlockPretest.feature:9 - evaluation (js) failed: employeeSuperUserUserNme, javax.script.ScriptException: ReferenceError: "employeeSuperUserUserNme" is not defined in &lt;eval&gt; at line number 1
stack trace: jdk.nashorn.api.scripting.NashornScriptEngine.throwAsScriptException(NashornScriptEngine.java:470)</div><div class="step-row"><div class="step-container" id="255"><div class="step-ref passed">255</div><div class="step-indent"> </div><div class="step-cell passed">* def jsUtils = read('classpath:com/egov/utils/jsUtils.js')</div></div><div class="time-cell passed">1</div></div><div class="step-row"><div class="step-container" id="256"><div class="step-ref passed">256</div><div class="step-indent"> </div><div class="step-cell passed">Given url authTokenUrl</div></div><div class="time-cell passed">0</div></div><div class="step-row"><div class="step-container" id="257"><div class="step-ref failed">257</div><div class="step-indent"> </div><div class="step-cell failed">And form field username = employeeSuperUserUserNme</div></div><div class="time-cell failed">1</div></div><div class="preformatted" data-parent="257">userAccountUnlockPretest.feature:9 - evaluation (js) failed: employeeSuperUserUserNme, javax.script.ScriptException: ReferenceError: "employeeSuperUserUserNme" is not defined in &lt;eval&gt; at line number 1
stack trace: jdk.nashorn.api.scripting.NashornScriptEngine.throwAsScriptException(NashornScriptEngine.java:470)</div><div class="step-row"><div class="step-container" id="258"><div class="step-ref skipped">258</div><div class="step-indent"> </div><div class="step-cell skipped">And form field password = '#(oauthPassword)'</div></div><div class="time-cell skipped">0</div></div><div class="step-row"><div class="step-container" id="259"><div class="step-ref skipped">259</div><div class="step-indent"> </div><div class="step-cell skipped">And form field grant_type = 'password'</div></div><div class="time-cell skipped">0</div></div><div class="step-row"><div class="step-container" id="260"><div class="step-ref skipped">260</div><div class="step-indent"> </div><div class="step-cell skipped">And form field scope = 'read'</div></div><div class="time-cell skipped">0</div></div><div class="step-row"><div class="step-container" id="261"><div class="step-ref skipped">261</div><div class="step-indent"> </div><div class="step-cell skipped">And form field tenantId = tenantId</div></div><div class="time-cell skipped">0</div></div><div class="step-row"><div class="step-container" id="262"><div class="step-ref skipped">262</div><div class="step-indent"> </div><div class="step-cell skipped">And form field userType = employeeType</div></div><div class="time-cell skipped">0</div></div><div class="step-row"><div class="step-container" id="263"><div class="step-ref skipped">263</div><div class="step-indent"> </div><div class="step-cell skipped">When method post</div></div><div class="time-cell skipped">0</div></div><div class="step-row"><div class="step-container" id="264"><div class="step-ref skipped">264</div><div class="step-indent"> </div><div class="step-cell skipped">Then status 400</div></div><div class="time-cell skipped">0</div></div><div class="step-row"><div class="step-container" id="265"><div class="step-ref skipped">265</div><div class="step-indent"> </div><div class="step-cell skipped">And def authResponseBody = response</div></div><div class="time-cell skipped">0</div></div><div class="step-row"><div class="step-container" id="266"><div class="step-ref skipped">266</div><div class="step-indent"> </div><div class="step-cell skipped">And def authResponseHeader = responseHeaders</div></div><div class="time-cell skipped">0</div></div><div class="step-row"><div class="step-container" id="227.4"><div class="step-ref failed">&gt;&gt;</div><div class="step-cell failed">[3] com/egov/core-services/tests/../../core-services/pretests/userAccountUnlockPretest.feature</div></div><div class="time-cell failed">2</div></div><div class="callarg-container" data-parent="227.4"><div class="step-ref"> </div><div class="preformatted">{
  "oauthPassword": "egov11"
}
</div></div><div class="step-row"><div class="step-container" id="267"><div class="step-ref passed">267</div><div class="step-indent"> </div><div class="step-cell passed">* configure headers = read('classpath:com/egov/utils/oauthTokenHeader.js')</div></div><div class="time-cell passed">1</div></div><div class="preformatted" data-parent="267">15:40:50.330 feature call (loop) failed at index: 2
caller: classpath:com/egov/core-services/tests/../../core-services/pretests/userAccountUnlockPretest.feature
arg: {"oauthPassword":"egov3"}
userAccountUnlockPretest.feature:9 - evaluation (js) failed: employeeSuperUserUserNme, javax.script.ScriptException: ReferenceError: "employeeSuperUserUserNme" is not defined in &lt;eval&gt; at line number 1
stack trace: jdk.nashorn.api.scripting.NashornScriptEngine.throwAsScriptException(NashornScriptEngine.java:470)</div><div class="step-row"><div class="step-container" id="268"><div class="step-ref passed">268</div><div class="step-indent"> </div><div class="step-cell passed">* def jsUtils = read('classpath:com/egov/utils/jsUtils.js')</div></div><div class="time-cell passed">0</div></div><div class="step-row"><div class="step-container" id="269"><div class="step-ref passed">269</div><div class="step-indent"> </div><div class="step-cell passed">Given url authTokenUrl</div></div><div class="time-cell passed">0</div></div><div class="step-row"><div class="step-container" id="270"><div class="step-ref failed">270</div><div class="step-indent"> </div><div class="step-cell failed">And form field username = employeeSuperUserUserNme</div></div><div class="time-cell failed">0</div></div><div class="preformatted" data-parent="270">userAccountUnlockPretest.feature:9 - evaluation (js) failed: employeeSuperUserUserNme, javax.script.ScriptException: ReferenceError: "employeeSuperUserUserNme" is not defined in &lt;eval&gt; at line number 1
stack trace: jdk.nashorn.api.scripting.NashornScriptEngine.throwAsScriptException(NashornScriptEngine.java:470)</div><div class="step-row"><div class="step-container" id="271"><div class="step-ref skipped">271</div><div class="step-indent"> </div><div class="step-cell skipped">And form field password = '#(oauthPassword)'</div></div><div class="time-cell skipped">0</div></div><div class="step-row"><div class="step-container" id="272"><div class="step-ref skipped">272</div><div class="step-indent"> </div><div class="step-cell skipped">And form field grant_type = 'password'</div></div><div class="time-cell skipped">0</div></div><div class="step-row"><div class="step-container" id="273"><div class="step-ref skipped">273</div><div class="step-indent"> </div><div class="step-cell skipped">And form field scope = 'read'</div></div><div class="time-cell skipped">0</div></div><div class="step-row"><div class="step-container" id="274"><div class="step-ref skipped">274</div><div class="step-indent"> </div><div class="step-cell skipped">And form field tenantId = tenantId</div></div><div class="time-cell skipped">0</div></div><div class="step-row"><div class="step-container" id="275"><div class="step-ref skipped">275</div><div class="step-indent"> </div><div class="step-cell skipped">And form field userType = employeeType</div></div><div class="time-cell skipped">0</div></div><div class="step-row"><div class="step-container" id="276"><div class="step-ref skipped">276</div><div class="step-indent"> </div><div class="step-cell skipped">When method post</div></div><div class="time-cell skipped">0</div></div><div class="step-row"><div class="step-container" id="277"><div class="step-ref skipped">277</div><div class="step-indent"> </div><div class="step-cell skipped">Then status 400</div></div><div class="time-cell skipped">0</div></div><div class="step-row"><div class="step-container" id="278"><div class="step-ref skipped">278</div><div class="step-indent"> </div><div class="step-cell skipped">And def authResponseBody = response</div></div><div class="time-cell skipped">0</div></div><div class="step-row"><div class="step-container" id="279"><div class="step-ref skipped">279</div><div class="step-indent"> </div><div class="step-cell skipped">And def authResponseHeader = responseHeaders</div></div><div class="time-cell skipped">0</div></div><div class="step-row"><div class="step-container" id="227.5"><div class="step-ref failed">&gt;&gt;</div><div class="step-cell failed">[4] com/egov/core-services/tests/../../core-services/pretests/userAccountUnlockPretest.feature</div></div><div class="time-cell failed">2</div></div><div class="callarg-container" data-parent="227.5"><div class="step-ref"> </div><div class="preformatted">{
  "oauthPassword": "egov12"
}
</div></div><div class="step-row"><div class="step-container" id="280"><div class="step-ref passed">280</div><div class="step-indent"> </div><div class="step-cell passed">* configure headers = read('classpath:com/egov/utils/oauthTokenHeader.js')</div></div><div class="time-cell passed">1</div></div><div class="preformatted" data-parent="280">15:40:50.334 feature call (loop) failed at index: 3
caller: classpath:com/egov/core-services/tests/../../core-services/pretests/userAccountUnlockPretest.feature
arg: {"oauthPassword":"egov11"}
userAccountUnlockPretest.feature:9 - evaluation (js) failed: employeeSuperUserUserNme, javax.script.ScriptException: ReferenceError: "employeeSuperUserUserNme" is not defined in &lt;eval&gt; at line number 1
stack trace: jdk.nashorn.api.scripting.NashornScriptEngine.throwAsScriptException(NashornScriptEngine.java:470)</div><div class="step-row"><div class="step-container" id="281"><div class="step-ref passed">281</div><div class="step-indent"> </div><div class="step-cell passed">* def jsUtils = read('classpath:com/egov/utils/jsUtils.js')</div></div><div class="time-cell passed">1</div></div><div class="step-row"><div class="step-container" id="282"><div class="step-ref passed">282</div><div class="step-indent"> </div><div class="step-cell passed">Given url authTokenUrl</div></div><div class="time-cell passed">0</div></div><div class="step-row"><div class="step-container" id="283"><div class="step-ref failed">283</div><div class="step-indent"> </div><div class="step-cell failed">And form field username = employeeSuperUserUserNme</div></div><div class="time-cell failed">1</div></div><div class="preformatted" data-parent="283">userAccountUnlockPretest.feature:9 - evaluation (js) failed: employeeSuperUserUserNme, javax.script.ScriptException: ReferenceError: "employeeSuperUserUserNme" is not defined in &lt;eval&gt; at line number 1
stack trace: jdk.nashorn.api.scripting.NashornScriptEngine.throwAsScriptException(NashornScriptEngine.java:470)</div><div class="step-row"><div class="step-container" id="284"><div class="step-ref skipped">284</div><div class="step-indent"> </div><div class="step-cell skipped">And form field password = '#(oauthPassword)'</div></div><div class="time-cell skipped">0</div></div><div class="step-row"><div class="step-container" id="285"><div class="step-ref skipped">285</div><div class="step-indent"> </div><div class="step-cell skipped">And form field grant_type = 'password'</div></div><div class="time-cell skipped">0</div></div><div class="step-row"><div class="step-container" id="286"><div class="step-ref skipped">286</div><div class="step-indent"> </div><div class="step-cell skipped">And form field scope = 'read'</div></div><div class="time-cell skipped">0</div></div><div class="step-row"><div class="step-container" id="287"><div class="step-ref skipped">287</div><div class="step-indent"> </div><div class="step-cell skipped">And form field tenantId = tenantId</div></div><div class="time-cell skipped">0</div></div><div class="step-row"><div class="step-container" id="288"><div class="step-ref skipped">288</div><div class="step-indent"> </div><div class="step-cell skipped">And form field userType = employeeType</div></div><div class="time-cell skipped">0</div></div><div class="step-row"><div class="step-container" id="289"><div class="step-ref skipped">289</div><div class="step-indent"> </div><div class="step-cell skipped">When method post</div></div><div class="time-cell skipped">0</div></div><div class="step-row"><div class="step-container" id="290"><div class="step-ref skipped">290</div><div class="step-indent"> </div><div class="step-cell skipped">Then status 400</div></div><div class="time-cell skipped">0</div></div><div class="step-row"><div class="step-container" id="291"><div class="step-ref skipped">291</div><div class="step-indent"> </div><div class="step-cell skipped">And def authResponseBody = response</div></div><div class="time-cell skipped">0</div></div><div class="step-row"><div class="step-container" id="292"><div class="step-ref skipped">292</div><div class="step-indent"> </div><div class="step-cell skipped">And def authResponseHeader = responseHeaders</div></div><div class="time-cell skipped">0</div></div><div class="step-row"><div class="step-container"><div class="step-ref skipped"></div><div class="step-cell comment"># Try with valid password</div></div><div class="time-cell comment"></div></div><div class="step-row"><div class="step-container" id="293"><div class="step-ref skipped">293</div><div class="step-cell skipped">* call read('../../core-services/pretests/userAccountUnlockPretest.feature@validPasswordError')</div></div><div class="time-cell skipped">0</div></div><div class="step-row"><div class="step-container" id="294"><div class="step-ref skipped">294</div><div class="step-cell skipped">* assert authResponseBody.error == userConstant.errormessages.accountLock</div></div><div class="time-cell skipped">0</div></div></div></div>
    </div>   
  </body>
</html>